   1              		.cpu arm7tdmi
   2              		.fpu softvfp
   3              		.eabi_attribute 20, 1
   4              		.eabi_attribute 21, 1
   5              		.eabi_attribute 23, 3
   6              		.eabi_attribute 24, 1
   7              		.eabi_attribute 25, 1
   8              		.eabi_attribute 26, 1
   9              		.eabi_attribute 30, 6
  10              		.eabi_attribute 18, 4
  11              		.file	"jugada_por_botones.c"
  21              	.Ltext0:
  22              		.file 1 "../jugada_por_botones.c"
 1241              		.align	3
 1244              	tabla_valor:
 1245 0000 08       		.byte	8
 1246 0001 02       		.byte	2
 1247 0002 07       		.byte	7
 1248 0003 03       		.byte	3
 1249 0004 03       		.byte	3
 1250 0005 07       		.byte	7
 1251 0006 02       		.byte	2
 1252 0007 08       		.byte	8
 1253 0008 02       		.byte	2
 1254 0009 01       		.byte	1
 1255 000a 04       		.byte	4
 1256 000b 04       		.byte	4
 1257 000c 04       		.byte	4
 1258 000d 04       		.byte	4
 1259 000e 01       		.byte	1
 1260 000f 02       		.byte	2
 1261 0010 07       		.byte	7
 1262 0011 04       		.byte	4
 1263 0012 06       		.byte	6
 1264 0013 05       		.byte	5
 1265 0014 05       		.byte	5
 1266 0015 06       		.byte	6
 1267 0016 04       		.byte	4
 1268 0017 07       		.byte	7
 1269 0018 03       		.byte	3
 1270 0019 04       		.byte	4
 1271 001a 05       		.byte	5
 1272 001b 00       		.byte	0
 1273 001c 00       		.byte	0
 1274 001d 05       		.byte	5
 1275 001e 04       		.byte	4
 1276 001f 03       		.byte	3
 1277 0020 03       		.byte	3
 1278 0021 04       		.byte	4
 1279 0022 05       		.byte	5
 1280 0023 00       		.byte	0
 1281 0024 00       		.byte	0
 1282 0025 05       		.byte	5
 1283 0026 04       		.byte	4
 1284 0027 03       		.byte	3
 1285 0028 07       		.byte	7
 1286 0029 04       		.byte	4
 1287 002a 06       		.byte	6
 1288 002b 05       		.byte	5
 1289 002c 05       		.byte	5
 1290 002d 06       		.byte	6
 1291 002e 04       		.byte	4
 1292 002f 07       		.byte	7
 1293 0030 02       		.byte	2
 1294 0031 01       		.byte	1
 1295 0032 04       		.byte	4
 1296 0033 04       		.byte	4
 1297 0034 04       		.byte	4
 1298 0035 04       		.byte	4
 1299 0036 01       		.byte	1
 1300 0037 02       		.byte	2
 1301 0038 08       		.byte	8
 1302 0039 02       		.byte	2
 1303 003a 07       		.byte	7
 1304 003b 03       		.byte	3
 1305 003c 03       		.byte	3
 1306 003d 07       		.byte	7
 1307 003e 02       		.byte	2
 1308 003f 08       		.byte	8
 1309              		.align	2
 1312              	vSF:
 1313 0040 FF       		.byte	-1
 1314 0041 FF       		.byte	-1
 1315 0042 00       		.byte	0
 1316 0043 01       		.byte	1
 1317 0044 01       		.byte	1
 1318 0045 01       		.byte	1
 1319 0046 00       		.byte	0
 1320 0047 FF       		.byte	-1
 1321              		.align	2
 1324              	vSC:
 1325 0048 00       		.byte	0
 1326 0049 01       		.byte	1
 1327 004a 01       		.byte	1
 1328 004b 01       		.byte	1
 1329 004c 00       		.byte	0
 1330 004d FF       		.byte	-1
 1331 004e FF       		.byte	-1
 1332 004f FF       		.byte	-1
 1333              		.comm	accesos_patron_volteo,4,4
 1334              		.comm	tiempo_patron_volteo,4,4
 1335              		.comm	tiempo_partida,4,4
 1336              		.global	contador
 1337              		.data
 1338              		.align	2
 1341              	contador:
 1342 0000 01000000 		.word	1
 1343              		.text
 1344              		.align	2
 1345              		.global	evento_botones_producido
 1347              	evento_botones_producido:
 1348              	.LFB0:
   1:../jugada_por_botones.c **** /*
   2:../jugada_por_botones.c ****  * jugada_por_botones.c
   3:../jugada_por_botones.c ****  *
   4:../jugada_por_botones.c ****  *  Created on: 05/11/2019
   5:../jugada_por_botones.c ****  *      Author: a764429
   6:../jugada_por_botones.c ****  */
   7:../jugada_por_botones.c **** #include "jugada_por_botones.h"
   8:../jugada_por_botones.c **** #include "debug_stack.h"
   9:../jugada_por_botones.c **** #include "8led.h"
  10:../jugada_por_botones.c **** #include "reversi8_2019.h"
  11:../jugada_por_botones.c **** 
  12:../jugada_por_botones.c **** int contador = 1;
  13:../jugada_por_botones.c **** 
  14:../jugada_por_botones.c **** //Automata que controla el flujo
  15:../jugada_por_botones.c **** void evento_botones_producido(int evento){
 1349              		.loc 1 15 0
 1350              		.cfi_startproc
 1351              		@ Function supports interworking.
 1352              		@ args = 0, pretend = 0, frame = 8
 1353              		@ frame_needed = 1, uses_anonymous_args = 0
 1354 0000 0DC0A0E1 		mov	ip, sp
 1355              	.LCFI0:
 1356              		.cfi_def_cfa_register 12
 1357 0004 00D82DE9 		stmfd	sp!, {fp, ip, lr, pc}
 1358 0008 04B04CE2 		sub	fp, ip, #4
 1359              		.cfi_offset 14, -8
 1360              		.cfi_offset 13, -12
 1361              		.cfi_offset 11, -16
 1362              	.LCFI1:
 1363              		.cfi_def_cfa 11, 4
 1364 000c 08D04DE2 		sub	sp, sp, #8
 1365 0010 10000BE5 		str	r0, [fp, #-16]
  16:../jugada_por_botones.c **** 	//Esperando a seleccionar fila
  17:../jugada_por_botones.c **** 	switch(estado_jugada_botones){
 1366              		.loc 1 17 0
 1367 0014 10329FE5 		ldr	r3, .L20
 1368 0018 0030D3E5 		ldrb	r3, [r3, #0]	@ zero_extendqisi2
 1369 001c 030053E3 		cmp	r3, #3
 1370 0020 03F19F97 		ldrls	pc, [pc, r3, asl #2]
 1371 0024 7D0000EA 		b	.L1
 1372              	.L7:
 1373 0028 38000000 		.word	.L3
 1374 002c 78000000 		.word	.L4
 1375 0030 08010000 		.word	.L5
 1376 0034 40010000 		.word	.L6
 1377              	.L3:
  18:../jugada_por_botones.c **** 		case INICIO_FILA:
  19:../jugada_por_botones.c **** 			D8Led_symbol(15);
 1378              		.loc 1 19 0
 1379 0038 0F00A0E3 		mov	r0, #15
 1380 003c FEFFFFEB 		bl	D8Led_symbol
  20:../jugada_por_botones.c **** 			if(evento == EVENTO_IZ_BOTON_SOLTADO){
 1381              		.loc 1 20 0
 1382 0040 10301BE5 		ldr	r3, [fp, #-16]
 1383 0044 AB0053E3 		cmp	r3, #171
 1384 0048 6D00001A 		bne	.L16
  21:../jugada_por_botones.c **** 				estado_jugada_botones = SELECCIONAR_FILA;
 1385              		.loc 1 21 0
 1386 004c D8319FE5 		ldr	r3, .L20
 1387 0050 0120A0E3 		mov	r2, #1
 1388 0054 0020C3E5 		strb	r2, [r3, #0]
  22:../jugada_por_botones.c **** 				contador = 1;
 1389              		.loc 1 22 0
 1390 0058 D0319FE5 		ldr	r3, .L20+4
 1391 005c 0120A0E3 		mov	r2, #1
 1392 0060 002083E5 		str	r2, [r3, #0]
  23:../jugada_por_botones.c **** 				D8Led_symbol(contador);
 1393              		.loc 1 23 0
 1394 0064 C4319FE5 		ldr	r3, .L20+4
 1395 0068 003093E5 		ldr	r3, [r3, #0]
 1396 006c 0300A0E1 		mov	r0, r3
 1397 0070 FEFFFFEB 		bl	D8Led_symbol
  24:../jugada_por_botones.c **** 			}
  25:../jugada_por_botones.c **** 			break;
 1398              		.loc 1 25 0
 1399 0074 690000EA 		b	.L1
 1400              	.L4:
  26:../jugada_por_botones.c **** 		case SELECCIONAR_FILA:
  27:../jugada_por_botones.c **** 			if(evento == EVENTO_IZ_BOTON_SOLTADO){
 1401              		.loc 1 27 0
 1402 0078 10301BE5 		ldr	r3, [fp, #-16]
 1403 007c AB0053E3 		cmp	r3, #171
 1404 0080 1000001A 		bne	.L9
  28:../jugada_por_botones.c **** 				contador ++;
 1405              		.loc 1 28 0
 1406 0084 A4319FE5 		ldr	r3, .L20+4
 1407 0088 003093E5 		ldr	r3, [r3, #0]
 1408 008c 012083E2 		add	r2, r3, #1
 1409 0090 98319FE5 		ldr	r3, .L20+4
 1410 0094 002083E5 		str	r2, [r3, #0]
  29:../jugada_por_botones.c **** 				if(contador == 9)
 1411              		.loc 1 29 0
 1412 0098 90319FE5 		ldr	r3, .L20+4
 1413 009c 003093E5 		ldr	r3, [r3, #0]
 1414 00a0 090053E3 		cmp	r3, #9
 1415 00a4 0200001A 		bne	.L10
  30:../jugada_por_botones.c **** 					contador = 1;
 1416              		.loc 1 30 0
 1417 00a8 80319FE5 		ldr	r3, .L20+4
 1418 00ac 0120A0E3 		mov	r2, #1
 1419 00b0 002083E5 		str	r2, [r3, #0]
 1420              	.L10:
  31:../jugada_por_botones.c **** 				D8Led_symbol(contador);
 1421              		.loc 1 31 0
 1422 00b4 74319FE5 		ldr	r3, .L20+4
 1423 00b8 003093E5 		ldr	r3, [r3, #0]
 1424 00bc 0300A0E1 		mov	r0, r3
 1425 00c0 FEFFFFEB 		bl	D8Led_symbol
  32:../jugada_por_botones.c **** 			}else if(evento == EVENTO_DR_BOTON_SOLTADO){
  33:../jugada_por_botones.c **** 				fila_botones = contador;
  34:../jugada_por_botones.c **** 				contador = 1;
  35:../jugada_por_botones.c **** 				estado_jugada_botones = INICIO_COLUMNA;
  36:../jugada_por_botones.c **** 				D8Led_symbol(12);
  37:../jugada_por_botones.c **** 			}
  38:../jugada_por_botones.c **** 			break;
 1426              		.loc 1 38 0
 1427 00c4 550000EA 		b	.L1
 1428              	.L9:
  32:../jugada_por_botones.c **** 			}else if(evento == EVENTO_DR_BOTON_SOLTADO){
 1429              		.loc 1 32 0
 1430 00c8 10301BE5 		ldr	r3, [fp, #-16]
 1431 00cc DB0053E3 		cmp	r3, #219
 1432 00d0 4D00001A 		bne	.L17
  33:../jugada_por_botones.c **** 				fila_botones = contador;
 1433              		.loc 1 33 0
 1434 00d4 54319FE5 		ldr	r3, .L20+4
 1435 00d8 002093E5 		ldr	r2, [r3, #0]
 1436 00dc 50319FE5 		ldr	r3, .L20+8
 1437 00e0 002083E5 		str	r2, [r3, #0]
  34:../jugada_por_botones.c **** 				contador = 1;
 1438              		.loc 1 34 0
 1439 00e4 44319FE5 		ldr	r3, .L20+4
 1440 00e8 0120A0E3 		mov	r2, #1
 1441 00ec 002083E5 		str	r2, [r3, #0]
  35:../jugada_por_botones.c **** 				estado_jugada_botones = INICIO_COLUMNA;
 1442              		.loc 1 35 0
 1443 00f0 34319FE5 		ldr	r3, .L20
 1444 00f4 0220A0E3 		mov	r2, #2
 1445 00f8 0020C3E5 		strb	r2, [r3, #0]
  36:../jugada_por_botones.c **** 				D8Led_symbol(12);
 1446              		.loc 1 36 0
 1447 00fc 0C00A0E3 		mov	r0, #12
 1448 0100 FEFFFFEB 		bl	D8Led_symbol
 1449              		.loc 1 38 0
 1450 0104 450000EA 		b	.L1
 1451              	.L5:
  39:../jugada_por_botones.c **** 		//Esperando a seleccionar columna
  40:../jugada_por_botones.c **** 		case INICIO_COLUMNA:
  41:../jugada_por_botones.c **** 			if(evento == EVENTO_IZ_BOTON_SOLTADO){
 1452              		.loc 1 41 0
 1453 0108 10301BE5 		ldr	r3, [fp, #-16]
 1454 010c AB0053E3 		cmp	r3, #171
 1455 0110 3F00001A 		bne	.L18
  42:../jugada_por_botones.c **** 				estado_jugada_botones = SELECCIONAR_COLUMNA;
 1456              		.loc 1 42 0
 1457 0114 10319FE5 		ldr	r3, .L20
 1458 0118 0320A0E3 		mov	r2, #3
 1459 011c 0020C3E5 		strb	r2, [r3, #0]
  43:../jugada_por_botones.c **** 				contador = 1;
 1460              		.loc 1 43 0
 1461 0120 08319FE5 		ldr	r3, .L20+4
 1462 0124 0120A0E3 		mov	r2, #1
 1463 0128 002083E5 		str	r2, [r3, #0]
  44:../jugada_por_botones.c **** 				D8Led_symbol(contador);
 1464              		.loc 1 44 0
 1465 012c FC309FE5 		ldr	r3, .L20+4
 1466 0130 003093E5 		ldr	r3, [r3, #0]
 1467 0134 0300A0E1 		mov	r0, r3
 1468 0138 FEFFFFEB 		bl	D8Led_symbol
  45:../jugada_por_botones.c **** 			}
  46:../jugada_por_botones.c **** 			break;
 1469              		.loc 1 46 0
 1470 013c 370000EA 		b	.L1
 1471              	.L6:
  47:../jugada_por_botones.c **** 		case SELECCIONAR_COLUMNA:
  48:../jugada_por_botones.c **** 			if(evento == EVENTO_IZ_BOTON_SOLTADO){
 1472              		.loc 1 48 0
 1473 0140 10301BE5 		ldr	r3, [fp, #-16]
 1474 0144 AB0053E3 		cmp	r3, #171
 1475 0148 1000001A 		bne	.L13
  49:../jugada_por_botones.c **** 				contador ++;
 1476              		.loc 1 49 0
 1477 014c DC309FE5 		ldr	r3, .L20+4
 1478 0150 003093E5 		ldr	r3, [r3, #0]
 1479 0154 012083E2 		add	r2, r3, #1
 1480 0158 D0309FE5 		ldr	r3, .L20+4
 1481 015c 002083E5 		str	r2, [r3, #0]
  50:../jugada_por_botones.c **** 				if(contador == 9)
 1482              		.loc 1 50 0
 1483 0160 C8309FE5 		ldr	r3, .L20+4
 1484 0164 003093E5 		ldr	r3, [r3, #0]
 1485 0168 090053E3 		cmp	r3, #9
 1486 016c 0200001A 		bne	.L14
  51:../jugada_por_botones.c **** 					contador = 1;
 1487              		.loc 1 51 0
 1488 0170 B8309FE5 		ldr	r3, .L20+4
 1489 0174 0120A0E3 		mov	r2, #1
 1490 0178 002083E5 		str	r2, [r3, #0]
 1491              	.L14:
  52:../jugada_por_botones.c **** 				D8Led_symbol(contador);
 1492              		.loc 1 52 0
 1493 017c AC309FE5 		ldr	r3, .L20+4
 1494 0180 003093E5 		ldr	r3, [r3, #0]
 1495 0184 0300A0E1 		mov	r0, r3
 1496 0188 FEFFFFEB 		bl	D8Led_symbol
  53:../jugada_por_botones.c **** 			}else if(evento == EVENTO_DR_BOTON_SOLTADO){
  54:../jugada_por_botones.c **** 				columna_botones = contador;
  55:../jugada_por_botones.c **** 				contador = 1;
  56:../jugada_por_botones.c **** 
  57:../jugada_por_botones.c **** 				estado_jugada_botones = INICIO_FILA;
  58:../jugada_por_botones.c **** 				jugar(fila_botones - 1,columna_botones - 1);
  59:../jugada_por_botones.c **** 				D8Led_symbol(15);
  60:../jugada_por_botones.c **** 			}
  61:../jugada_por_botones.c **** 			break;
 1497              		.loc 1 61 0
 1498 018c 230000EA 		b	.L1
 1499              	.L13:
  53:../jugada_por_botones.c **** 			}else if(evento == EVENTO_DR_BOTON_SOLTADO){
 1500              		.loc 1 53 0
 1501 0190 10301BE5 		ldr	r3, [fp, #-16]
 1502 0194 DB0053E3 		cmp	r3, #219
 1503 0198 1F00001A 		bne	.L19
  54:../jugada_por_botones.c **** 				columna_botones = contador;
 1504              		.loc 1 54 0
 1505 019c 8C309FE5 		ldr	r3, .L20+4
 1506 01a0 002093E5 		ldr	r2, [r3, #0]
 1507 01a4 8C309FE5 		ldr	r3, .L20+12
 1508 01a8 002083E5 		str	r2, [r3, #0]
  55:../jugada_por_botones.c **** 				contador = 1;
 1509              		.loc 1 55 0
 1510 01ac 7C309FE5 		ldr	r3, .L20+4
 1511 01b0 0120A0E3 		mov	r2, #1
 1512 01b4 002083E5 		str	r2, [r3, #0]
  57:../jugada_por_botones.c **** 				estado_jugada_botones = INICIO_FILA;
 1513              		.loc 1 57 0
 1514 01b8 6C309FE5 		ldr	r3, .L20
 1515 01bc 0020A0E3 		mov	r2, #0
 1516 01c0 0020C3E5 		strb	r2, [r3, #0]
  58:../jugada_por_botones.c **** 				jugar(fila_botones - 1,columna_botones - 1);
 1517              		.loc 1 58 0
 1518 01c4 68309FE5 		ldr	r3, .L20+8
 1519 01c8 003093E5 		ldr	r3, [r3, #0]
 1520 01cc FF3003E2 		and	r3, r3, #255
 1521 01d0 013043E2 		sub	r3, r3, #1
 1522 01d4 FF2003E2 		and	r2, r3, #255
 1523 01d8 58309FE5 		ldr	r3, .L20+12
 1524 01dc 003093E5 		ldr	r3, [r3, #0]
 1525 01e0 FF3003E2 		and	r3, r3, #255
 1526 01e4 013043E2 		sub	r3, r3, #1
 1527 01e8 FF3003E2 		and	r3, r3, #255
 1528 01ec 0200A0E1 		mov	r0, r2
 1529 01f0 0310A0E1 		mov	r1, r3
 1530 01f4 FEFFFFEB 		bl	jugar
  59:../jugada_por_botones.c **** 				D8Led_symbol(15);
 1531              		.loc 1 59 0
 1532 01f8 0F00A0E3 		mov	r0, #15
 1533 01fc FEFFFFEB 		bl	D8Led_symbol
 1534              		.loc 1 61 0
 1535 0200 060000EA 		b	.L1
 1536              	.L16:
  25:../jugada_por_botones.c **** 			break;
 1537              		.loc 1 25 0
 1538 0204 0000A0E1 		mov	r0, r0	@ nop
 1539 0208 040000EA 		b	.L1
 1540              	.L17:
  38:../jugada_por_botones.c **** 			break;
 1541              		.loc 1 38 0
 1542 020c 0000A0E1 		mov	r0, r0	@ nop
 1543 0210 020000EA 		b	.L1
 1544              	.L18:
  46:../jugada_por_botones.c **** 			break;
 1545              		.loc 1 46 0
 1546 0214 0000A0E1 		mov	r0, r0	@ nop
 1547 0218 000000EA 		b	.L1
 1548              	.L19:
 1549              		.loc 1 61 0
 1550 021c 0000A0E1 		mov	r0, r0	@ nop
 1551              	.L1:
  62:../jugada_por_botones.c **** 	}
  63:../jugada_por_botones.c **** }
 1552              		.loc 1 63 0
 1553 0220 0CD04BE2 		sub	sp, fp, #12
 1554 0224 00689DE8 		ldmfd	sp, {fp, sp, lr}
 1555 0228 1EFF2FE1 		bx	lr
 1556              	.L21:
 1557              		.align	2
 1558              	.L20:
 1559 022c 00000000 		.word	estado_jugada_botones
 1560 0230 00000000 		.word	contador
 1561 0234 00000000 		.word	fila_botones
 1562 0238 00000000 		.word	columna_botones
 1563              		.cfi_endproc
 1564              	.LFE0:
 1566              		.align	2
 1567              		.global	obtener_ficha_botones
 1569              	obtener_ficha_botones:
 1570              	.LFB1:
  64:../jugada_por_botones.c **** void obtener_ficha_botones(int *f, int *c){
 1571              		.loc 1 64 0
 1572              		.cfi_startproc
 1573              		@ Function supports interworking.
 1574              		@ args = 0, pretend = 0, frame = 8
 1575              		@ frame_needed = 1, uses_anonymous_args = 0
 1576 023c 0DC0A0E1 		mov	ip, sp
 1577              	.LCFI2:
 1578              		.cfi_def_cfa_register 12
 1579 0240 00D82DE9 		stmfd	sp!, {fp, ip, lr, pc}
 1580 0244 04B04CE2 		sub	fp, ip, #4
 1581              		.cfi_offset 14, -8
 1582              		.cfi_offset 13, -12
 1583              		.cfi_offset 11, -16
 1584              	.LCFI3:
 1585              		.cfi_def_cfa 11, 4
 1586 0248 08D04DE2 		sub	sp, sp, #8
 1587 024c 10000BE5 		str	r0, [fp, #-16]
 1588 0250 14100BE5 		str	r1, [fp, #-20]
  65:../jugada_por_botones.c **** 	*f = fila_botones;
 1589              		.loc 1 65 0
 1590 0254 24309FE5 		ldr	r3, .L23
 1591 0258 002093E5 		ldr	r2, [r3, #0]
 1592 025c 10301BE5 		ldr	r3, [fp, #-16]
 1593 0260 002083E5 		str	r2, [r3, #0]
  66:../jugada_por_botones.c **** 	*c = columna_botones;
 1594              		.loc 1 66 0
 1595 0264 18309FE5 		ldr	r3, .L23+4
 1596 0268 002093E5 		ldr	r2, [r3, #0]
 1597 026c 14301BE5 		ldr	r3, [fp, #-20]
 1598 0270 002083E5 		str	r2, [r3, #0]
  67:../jugada_por_botones.c **** }
 1599              		.loc 1 67 0
 1600 0274 0CD04BE2 		sub	sp, fp, #12
 1601 0278 00689DE8 		ldmfd	sp, {fp, sp, lr}
 1602 027c 1EFF2FE1 		bx	lr
 1603              	.L24:
 1604              		.align	2
 1605              	.L23:
 1606 0280 00000000 		.word	fila_botones
 1607 0284 00000000 		.word	columna_botones
 1608              		.cfi_endproc
 1609              	.LFE1:
 1611              	.Letext0:
DEFINED SYMBOLS
                            *ABS*:00000000 jugada_por_botones.c
                            *COM*:00000001 estado_jugada_botones
                            *COM*:00000004 fila_botones
                            *COM*:00000004 columna_botones
C:\Users\a764429\AppData\Local\Temp\cc0JisGn.s:1241   .rodata:00000000 $d
C:\Users\a764429\AppData\Local\Temp\cc0JisGn.s:1244   .rodata:00000000 tabla_valor
C:\Users\a764429\AppData\Local\Temp\cc0JisGn.s:1312   .rodata:00000040 vSF
C:\Users\a764429\AppData\Local\Temp\cc0JisGn.s:1324   .rodata:00000048 vSC
                            *COM*:00000004 accesos_patron_volteo
                            *COM*:00000004 tiempo_patron_volteo
                            *COM*:00000004 tiempo_partida
C:\Users\a764429\AppData\Local\Temp\cc0JisGn.s:1341   .data:00000000 contador
C:\Users\a764429\AppData\Local\Temp\cc0JisGn.s:1338   .data:00000000 $d
C:\Users\a764429\AppData\Local\Temp\cc0JisGn.s:1344   .text:00000000 $a
C:\Users\a764429\AppData\Local\Temp\cc0JisGn.s:1347   .text:00000000 evento_botones_producido
C:\Users\a764429\AppData\Local\Temp\cc0JisGn.s:1373   .text:00000028 $d
C:\Users\a764429\AppData\Local\Temp\cc0JisGn.s:1379   .text:00000038 $a
C:\Users\a764429\AppData\Local\Temp\cc0JisGn.s:1559   .text:0000022c $d
C:\Users\a764429\AppData\Local\Temp\cc0JisGn.s:1566   .text:0000023c $a
C:\Users\a764429\AppData\Local\Temp\cc0JisGn.s:1569   .text:0000023c obtener_ficha_botones
C:\Users\a764429\AppData\Local\Temp\cc0JisGn.s:1606   .text:00000280 $d
                     .debug_frame:00000010 $d

UNDEFINED SYMBOLS
D8Led_symbol
jugar
