   1              		.cpu arm7tdmi
   2              		.fpu softvfp
   3              		.eabi_attribute 20, 1
   4              		.eabi_attribute 21, 1
   5              		.eabi_attribute 23, 3
   6              		.eabi_attribute 24, 1
   7              		.eabi_attribute 25, 1
   8              		.eabi_attribute 26, 1
   9              		.eabi_attribute 30, 6
  10              		.eabi_attribute 18, 4
  11              		.file	"jugada_por_pantalla.c"
  21              	.Ltext0:
  22              		.file 1 "../jugada_por_pantalla.c"
 1464              		.align	3
 1467              	tabla_valor:
 1468 0000 08       		.byte	8
 1469 0001 02       		.byte	2
 1470 0002 07       		.byte	7
 1471 0003 03       		.byte	3
 1472 0004 03       		.byte	3
 1473 0005 07       		.byte	7
 1474 0006 02       		.byte	2
 1475 0007 08       		.byte	8
 1476 0008 02       		.byte	2
 1477 0009 01       		.byte	1
 1478 000a 04       		.byte	4
 1479 000b 04       		.byte	4
 1480 000c 04       		.byte	4
 1481 000d 04       		.byte	4
 1482 000e 01       		.byte	1
 1483 000f 02       		.byte	2
 1484 0010 07       		.byte	7
 1485 0011 04       		.byte	4
 1486 0012 06       		.byte	6
 1487 0013 05       		.byte	5
 1488 0014 05       		.byte	5
 1489 0015 06       		.byte	6
 1490 0016 04       		.byte	4
 1491 0017 07       		.byte	7
 1492 0018 03       		.byte	3
 1493 0019 04       		.byte	4
 1494 001a 05       		.byte	5
 1495 001b 00       		.byte	0
 1496 001c 00       		.byte	0
 1497 001d 05       		.byte	5
 1498 001e 04       		.byte	4
 1499 001f 03       		.byte	3
 1500 0020 03       		.byte	3
 1501 0021 04       		.byte	4
 1502 0022 05       		.byte	5
 1503 0023 00       		.byte	0
 1504 0024 00       		.byte	0
 1505 0025 05       		.byte	5
 1506 0026 04       		.byte	4
 1507 0027 03       		.byte	3
 1508 0028 07       		.byte	7
 1509 0029 04       		.byte	4
 1510 002a 06       		.byte	6
 1511 002b 05       		.byte	5
 1512 002c 05       		.byte	5
 1513 002d 06       		.byte	6
 1514 002e 04       		.byte	4
 1515 002f 07       		.byte	7
 1516 0030 02       		.byte	2
 1517 0031 01       		.byte	1
 1518 0032 04       		.byte	4
 1519 0033 04       		.byte	4
 1520 0034 04       		.byte	4
 1521 0035 04       		.byte	4
 1522 0036 01       		.byte	1
 1523 0037 02       		.byte	2
 1524 0038 08       		.byte	8
 1525 0039 02       		.byte	2
 1526 003a 07       		.byte	7
 1527 003b 03       		.byte	3
 1528 003c 03       		.byte	3
 1529 003d 07       		.byte	7
 1530 003e 02       		.byte	2
 1531 003f 08       		.byte	8
 1532              		.align	2
 1535              	vSF:
 1536 0040 FF       		.byte	-1
 1537 0041 FF       		.byte	-1
 1538 0042 00       		.byte	0
 1539 0043 01       		.byte	1
 1540 0044 01       		.byte	1
 1541 0045 01       		.byte	1
 1542 0046 00       		.byte	0
 1543 0047 FF       		.byte	-1
 1544              		.align	2
 1547              	vSC:
 1548 0048 00       		.byte	0
 1549 0049 01       		.byte	1
 1550 004a 01       		.byte	1
 1551 004b 01       		.byte	1
 1552 004c 00       		.byte	0
 1553 004d FF       		.byte	-1
 1554 004e FF       		.byte	-1
 1555 004f FF       		.byte	-1
 1556              		.comm	accesos_patron_volteo,4,4
 1557              		.comm	tiempo_patron_volteo,4,4
 1558              		.comm	tiempo_partida,4,4
 1559              		.text
 1560              		.align	2
 1561              		.global	mover_ficha_derecha
 1563              	mover_ficha_derecha:
 1564              	.LFB0:
   1:../jugada_por_pantalla.c **** /*
   2:../jugada_por_pantalla.c ****  * jugada_por_botones.c
   3:../jugada_por_pantalla.c ****  *
   4:../jugada_por_pantalla.c ****  *  Created on: 05/11/2019
   5:../jugada_por_pantalla.c ****  *      Author: a764429
   6:../jugada_por_pantalla.c ****  */
   7:../jugada_por_pantalla.c **** #include "jugada_por_pantalla.h"
   8:../jugada_por_pantalla.c **** #include "pantalla_reversi.h"
   9:../jugada_por_pantalla.c **** #include "debug_stack.h"
  10:../jugada_por_pantalla.c **** #include "reversi8_2019.h"
  11:../jugada_por_pantalla.c **** #include "cola_pantalla.h"
  12:../jugada_por_pantalla.c **** 
  13:../jugada_por_pantalla.c **** void obtener_posicion_valida();
  14:../jugada_por_pantalla.c **** void mover_ficha_derecha();
  15:../jugada_por_pantalla.c **** void mover_ficha_abajo();
  16:../jugada_por_pantalla.c **** 
  17:../jugada_por_pantalla.c **** void mover_ficha_derecha(){
 1565              		.loc 1 17 0
 1566              		.cfi_startproc
 1567              		@ Function supports interworking.
 1568              		@ args = 0, pretend = 0, frame = 8
 1569              		@ frame_needed = 1, uses_anonymous_args = 0
 1570 0000 0DC0A0E1 		mov	ip, sp
 1571              	.LCFI0:
 1572              		.cfi_def_cfa_register 12
 1573 0004 00D82DE9 		stmfd	sp!, {fp, ip, lr, pc}
 1574 0008 04B04CE2 		sub	fp, ip, #4
 1575              		.cfi_offset 14, -8
 1576              		.cfi_offset 13, -12
 1577              		.cfi_offset 11, -16
 1578              	.LCFI1:
 1579              		.cfi_def_cfa 11, 4
 1580 000c 08D04DE2 		sub	sp, sp, #8
  18:../jugada_por_pantalla.c **** 	int columna_antigua = columna_pantalla -1;
 1581              		.loc 1 18 0
 1582 0010 AC309FE5 		ldr	r3, .L4
 1583 0014 003093E5 		ldr	r3, [r3, #0]
 1584 0018 013043E2 		sub	r3, r3, #1
 1585 001c 10300BE5 		str	r3, [fp, #-16]
 1586              	.L3:
  19:../jugada_por_pantalla.c **** 
  20:../jugada_por_pantalla.c **** 	do{
  21:../jugada_por_pantalla.c **** 		columna_pantalla ++;
 1587              		.loc 1 21 0
 1588 0020 9C309FE5 		ldr	r3, .L4
 1589 0024 003093E5 		ldr	r3, [r3, #0]
 1590 0028 012083E2 		add	r2, r3, #1
 1591 002c 90309FE5 		ldr	r3, .L4
 1592 0030 002083E5 		str	r2, [r3, #0]
  22:../jugada_por_pantalla.c **** 		if(columna_pantalla == 9)
 1593              		.loc 1 22 0
 1594 0034 88309FE5 		ldr	r3, .L4
 1595 0038 003093E5 		ldr	r3, [r3, #0]
 1596 003c 090053E3 		cmp	r3, #9
 1597 0040 0200001A 		bne	.L2
  23:../jugada_por_pantalla.c **** 			columna_pantalla = 1;
 1598              		.loc 1 23 0
 1599 0044 78309FE5 		ldr	r3, .L4
 1600 0048 0120A0E3 		mov	r2, #1
 1601 004c 002083E5 		str	r2, [r3, #0]
 1602              	.L2:
  24:../jugada_por_pantalla.c **** 
  25:../jugada_por_pantalla.c **** 	}while(posicion_ocupada(fila_pantalla - 1, columna_pantalla - 1));
 1603              		.loc 1 25 0
 1604 0050 70309FE5 		ldr	r3, .L4+4
 1605 0054 003093E5 		ldr	r3, [r3, #0]
 1606 0058 012043E2 		sub	r2, r3, #1
 1607 005c 60309FE5 		ldr	r3, .L4
 1608 0060 003093E5 		ldr	r3, [r3, #0]
 1609 0064 013043E2 		sub	r3, r3, #1
 1610 0068 0200A0E1 		mov	r0, r2
 1611 006c 0310A0E1 		mov	r1, r3
 1612 0070 FEFFFFEB 		bl	posicion_ocupada
 1613 0074 0030A0E1 		mov	r3, r0
 1614 0078 000053E3 		cmp	r3, #0
 1615 007c E7FFFF1A 		bne	.L3
  26:../jugada_por_pantalla.c **** 
  27:../jugada_por_pantalla.c **** 	mover_ficha_seleccion(fila_pantalla - 1, columna_pantalla - 1, fila_pantalla - 1, columna_antigua)
 1616              		.loc 1 27 0
 1617 0080 40309FE5 		ldr	r3, .L4+4
 1618 0084 003093E5 		ldr	r3, [r3, #0]
 1619 0088 011043E2 		sub	r1, r3, #1
 1620 008c 30309FE5 		ldr	r3, .L4
 1621 0090 003093E5 		ldr	r3, [r3, #0]
 1622 0094 012043E2 		sub	r2, r3, #1
 1623 0098 28309FE5 		ldr	r3, .L4+4
 1624 009c 003093E5 		ldr	r3, [r3, #0]
 1625 00a0 013043E2 		sub	r3, r3, #1
 1626 00a4 0100A0E1 		mov	r0, r1
 1627 00a8 0210A0E1 		mov	r1, r2
 1628 00ac 0320A0E1 		mov	r2, r3
 1629 00b0 10301BE5 		ldr	r3, [fp, #-16]
 1630 00b4 FEFFFFEB 		bl	mover_ficha_seleccion
  28:../jugada_por_pantalla.c **** }
 1631              		.loc 1 28 0
 1632 00b8 0CD04BE2 		sub	sp, fp, #12
 1633 00bc 00689DE8 		ldmfd	sp, {fp, sp, lr}
 1634 00c0 1EFF2FE1 		bx	lr
 1635              	.L5:
 1636              		.align	2
 1637              	.L4:
 1638 00c4 00000000 		.word	columna_pantalla
 1639 00c8 00000000 		.word	fila_pantalla
 1640              		.cfi_endproc
 1641              	.LFE0:
 1643              		.align	2
 1644              		.global	mover_ficha_abajo
 1646              	mover_ficha_abajo:
 1647              	.LFB1:
  29:../jugada_por_pantalla.c **** 
  30:../jugada_por_pantalla.c **** 
  31:../jugada_por_pantalla.c **** void mover_ficha_abajo(){
 1648              		.loc 1 31 0
 1649              		.cfi_startproc
 1650              		@ Function supports interworking.
 1651              		@ args = 0, pretend = 0, frame = 8
 1652              		@ frame_needed = 1, uses_anonymous_args = 0
 1653 00cc 0DC0A0E1 		mov	ip, sp
 1654              	.LCFI2:
 1655              		.cfi_def_cfa_register 12
 1656 00d0 00D82DE9 		stmfd	sp!, {fp, ip, lr, pc}
 1657 00d4 04B04CE2 		sub	fp, ip, #4
 1658              		.cfi_offset 14, -8
 1659              		.cfi_offset 13, -12
 1660              		.cfi_offset 11, -16
 1661              	.LCFI3:
 1662              		.cfi_def_cfa 11, 4
 1663 00d8 08D04DE2 		sub	sp, sp, #8
  32:../jugada_por_pantalla.c **** 	int fila_antigua = fila_pantalla -1;
 1664              		.loc 1 32 0
 1665 00dc A8309FE5 		ldr	r3, .L9
 1666 00e0 003093E5 		ldr	r3, [r3, #0]
 1667 00e4 013043E2 		sub	r3, r3, #1
 1668 00e8 10300BE5 		str	r3, [fp, #-16]
 1669              	.L8:
  33:../jugada_por_pantalla.c **** 
  34:../jugada_por_pantalla.c **** 	do{
  35:../jugada_por_pantalla.c **** 		fila_pantalla ++;
 1670              		.loc 1 35 0
 1671 00ec 98309FE5 		ldr	r3, .L9
 1672 00f0 003093E5 		ldr	r3, [r3, #0]
 1673 00f4 012083E2 		add	r2, r3, #1
 1674 00f8 8C309FE5 		ldr	r3, .L9
 1675 00fc 002083E5 		str	r2, [r3, #0]
  36:../jugada_por_pantalla.c **** 		if(fila_pantalla == 9)
 1676              		.loc 1 36 0
 1677 0100 84309FE5 		ldr	r3, .L9
 1678 0104 003093E5 		ldr	r3, [r3, #0]
 1679 0108 090053E3 		cmp	r3, #9
 1680 010c 0200001A 		bne	.L7
  37:../jugada_por_pantalla.c **** 			fila_pantalla = 1;
 1681              		.loc 1 37 0
 1682 0110 74309FE5 		ldr	r3, .L9
 1683 0114 0120A0E3 		mov	r2, #1
 1684 0118 002083E5 		str	r2, [r3, #0]
 1685              	.L7:
  38:../jugada_por_pantalla.c **** 
  39:../jugada_por_pantalla.c **** 	}while(posicion_ocupada(fila_pantalla-1, columna_pantalla-1));
 1686              		.loc 1 39 0
 1687 011c 68309FE5 		ldr	r3, .L9
 1688 0120 003093E5 		ldr	r3, [r3, #0]
 1689 0124 012043E2 		sub	r2, r3, #1
 1690 0128 60309FE5 		ldr	r3, .L9+4
 1691 012c 003093E5 		ldr	r3, [r3, #0]
 1692 0130 013043E2 		sub	r3, r3, #1
 1693 0134 0200A0E1 		mov	r0, r2
 1694 0138 0310A0E1 		mov	r1, r3
 1695 013c FEFFFFEB 		bl	posicion_ocupada
 1696 0140 0030A0E1 		mov	r3, r0
 1697 0144 000053E3 		cmp	r3, #0
 1698 0148 E7FFFF1A 		bne	.L8
  40:../jugada_por_pantalla.c **** 
  41:../jugada_por_pantalla.c **** 	mover_ficha_seleccion(fila_pantalla -1, columna_pantalla - 1, fila_antigua, columna_pantalla - 1);
 1699              		.loc 1 41 0
 1700 014c 38309FE5 		ldr	r3, .L9
 1701 0150 003093E5 		ldr	r3, [r3, #0]
 1702 0154 011043E2 		sub	r1, r3, #1
 1703 0158 30309FE5 		ldr	r3, .L9+4
 1704 015c 003093E5 		ldr	r3, [r3, #0]
 1705 0160 012043E2 		sub	r2, r3, #1
 1706 0164 24309FE5 		ldr	r3, .L9+4
 1707 0168 003093E5 		ldr	r3, [r3, #0]
 1708 016c 013043E2 		sub	r3, r3, #1
 1709 0170 0100A0E1 		mov	r0, r1
 1710 0174 0210A0E1 		mov	r1, r2
 1711 0178 10201BE5 		ldr	r2, [fp, #-16]
 1712 017c FEFFFFEB 		bl	mover_ficha_seleccion
  42:../jugada_por_pantalla.c **** }
 1713              		.loc 1 42 0
 1714 0180 0CD04BE2 		sub	sp, fp, #12
 1715 0184 00689DE8 		ldmfd	sp, {fp, sp, lr}
 1716 0188 1EFF2FE1 		bx	lr
 1717              	.L10:
 1718              		.align	2
 1719              	.L9:
 1720 018c 00000000 		.word	fila_pantalla
 1721 0190 00000000 		.word	columna_pantalla
 1722              		.cfi_endproc
 1723              	.LFE1:
 1725              		.align	2
 1726              		.global	evento_pantalla_producido
 1728              	evento_pantalla_producido:
 1729              	.LFB2:
  43:../jugada_por_pantalla.c **** 
  44:../jugada_por_pantalla.c **** void evento_pantalla_producido(int evento){
 1730              		.loc 1 44 0
 1731              		.cfi_startproc
 1732              		@ Function supports interworking.
 1733              		@ args = 0, pretend = 0, frame = 8
 1734              		@ frame_needed = 1, uses_anonymous_args = 0
 1735 0194 0DC0A0E1 		mov	ip, sp
 1736              	.LCFI4:
 1737              		.cfi_def_cfa_register 12
 1738 0198 00D82DE9 		stmfd	sp!, {fp, ip, lr, pc}
 1739 019c 04B04CE2 		sub	fp, ip, #4
 1740              		.cfi_offset 14, -8
 1741              		.cfi_offset 13, -12
 1742              		.cfi_offset 11, -16
 1743              	.LCFI5:
 1744              		.cfi_def_cfa 11, 4
 1745 01a0 08D04DE2 		sub	sp, sp, #8
 1746 01a4 10000BE5 		str	r0, [fp, #-16]
  45:../jugada_por_pantalla.c **** 
  46:../jugada_por_pantalla.c **** 	switch(estado_jugada_pantalla){
 1747              		.loc 1 46 0
 1748 01a8 F8319FE5 		ldr	r3, .L28
 1749 01ac 0030D3E5 		ldrb	r3, [r3, #0]	@ zero_extendqisi2
 1750 01b0 010053E3 		cmp	r3, #1
 1751 01b4 1400000A 		beq	.L14
 1752 01b8 020053E3 		cmp	r3, #2
 1753 01bc 6200000A 		beq	.L15
 1754 01c0 000053E3 		cmp	r3, #0
 1755 01c4 7400001A 		bne	.L11
 1756              	.L13:
  47:../jugada_por_pantalla.c **** 		case PANTALLA_INICIAL:
  48:../jugada_por_pantalla.c **** 			if(evento == EVENTO_PULSACION_TACTIL){
 1757              		.loc 1 48 0
 1758 01c8 10301BE5 		ldr	r3, [fp, #-16]
 1759 01cc 110053E3 		cmp	r3, #17
 1760 01d0 6C00001A 		bne	.L25
  49:../jugada_por_pantalla.c **** 				estado_jugada_pantalla = PANTALLA_SELECCION;
 1761              		.loc 1 49 0
 1762 01d4 CC319FE5 		ldr	r3, .L28
 1763 01d8 0120A0E3 		mov	r2, #1
 1764 01dc 0020C3E5 		strb	r2, [r3, #0]
  50:../jugada_por_pantalla.c **** 				fila_pantalla = 1;
 1765              		.loc 1 50 0
 1766 01e0 C4319FE5 		ldr	r3, .L28+4
 1767 01e4 0120A0E3 		mov	r2, #1
 1768 01e8 002083E5 		str	r2, [r3, #0]
  51:../jugada_por_pantalla.c **** 				columna_pantalla = 1;
 1769              		.loc 1 51 0
 1770 01ec BC319FE5 		ldr	r3, .L28+8
 1771 01f0 0120A0E3 		mov	r2, #1
 1772 01f4 002083E5 		str	r2, [r3, #0]
  52:../jugada_por_pantalla.c **** 				mostrar_pantalla_seleccion();
 1773              		.loc 1 52 0
 1774 01f8 FEFFFFEB 		bl	mostrar_pantalla_seleccion
  53:../jugada_por_pantalla.c **** 			    tiempo_partida = 0;
 1775              		.loc 1 53 0
 1776 01fc B0319FE5 		ldr	r3, .L28+12
 1777 0200 0020A0E3 		mov	r2, #0
 1778 0204 002083E5 		str	r2, [r3, #0]
  54:../jugada_por_pantalla.c **** 			}
  55:../jugada_por_pantalla.c **** 			break;
 1779              		.loc 1 55 0
 1780 0208 630000EA 		b	.L11
 1781              	.L14:
  56:../jugada_por_pantalla.c **** 
  57:../jugada_por_pantalla.c **** 		case PANTALLA_SELECCION:
  58:../jugada_por_pantalla.c **** 			if(fila_pantalla == 1 && columna_pantalla == 1 && posicion_ocupada(fila_pantalla -1 , columna_pa
 1782              		.loc 1 58 0
 1783 020c 98319FE5 		ldr	r3, .L28+4
 1784 0210 003093E5 		ldr	r3, [r3, #0]
 1785 0214 010053E3 		cmp	r3, #1
 1786 0218 1100001A 		bne	.L17
 1787              		.loc 1 58 0 is_stmt 0 discriminator 1
 1788 021c 8C319FE5 		ldr	r3, .L28+8
 1789 0220 003093E5 		ldr	r3, [r3, #0]
 1790 0224 010053E3 		cmp	r3, #1
 1791 0228 0D00001A 		bne	.L17
 1792 022c 78319FE5 		ldr	r3, .L28+4
 1793 0230 003093E5 		ldr	r3, [r3, #0]
 1794 0234 012043E2 		sub	r2, r3, #1
 1795 0238 70319FE5 		ldr	r3, .L28+8
 1796 023c 003093E5 		ldr	r3, [r3, #0]
 1797 0240 013043E2 		sub	r3, r3, #1
 1798 0244 0200A0E1 		mov	r0, r2
 1799 0248 0310A0E1 		mov	r1, r3
 1800 024c FEFFFFEB 		bl	posicion_ocupada
 1801 0250 0030A0E1 		mov	r3, r0
 1802 0254 000053E3 		cmp	r3, #0
 1803 0258 0100000A 		beq	.L17
  59:../jugada_por_pantalla.c **** 				obtener_posicion_valida();
 1804              		.loc 1 59 0 is_stmt 1
 1805 025c FEFFFFEB 		bl	obtener_posicion_valida
  60:../jugada_por_pantalla.c **** 				break;
 1806              		.loc 1 60 0
 1807 0260 4D0000EA 		b	.L11
 1808              	.L17:
  61:../jugada_por_pantalla.c **** 			}
  62:../jugada_por_pantalla.c **** 			if(evento == EVENTO_IZ_BOTON_SOLTADO){
 1809              		.loc 1 62 0
 1810 0264 10301BE5 		ldr	r3, [fp, #-16]
 1811 0268 AB0053E3 		cmp	r3, #171
 1812 026c 0100001A 		bne	.L18
  63:../jugada_por_pantalla.c **** 				mover_ficha_derecha();
 1813              		.loc 1 63 0
 1814 0270 FEFFFFEB 		bl	mover_ficha_derecha
  64:../jugada_por_pantalla.c **** 			}else if(evento == EVENTO_DR_BOTON_SOLTADO){
  65:../jugada_por_pantalla.c **** 				mover_ficha_abajo();
  66:../jugada_por_pantalla.c **** 			}else if(evento == EVENTO_PULSACION_TACTIL){
  67:../jugada_por_pantalla.c **** 				jugar(fila_pantalla -1,columna_pantalla-1);
  68:../jugada_por_pantalla.c **** 			}else if(evento == EVENTO_GANAN_BLANCAS){
  69:../jugada_por_pantalla.c **** 				mostrar_pantalla_final(FICHA_BLANCA);
  70:../jugada_por_pantalla.c **** 				estado_jugada_pantalla = PANTALLA_FIN;
  71:../jugada_por_pantalla.c **** 			}else if(evento == EVENTO_GANAN_NEGRAS){
  72:../jugada_por_pantalla.c **** 				mostrar_pantalla_final(EVENTO_GANAN_NEGRAS);
  73:../jugada_por_pantalla.c **** 				estado_jugada_pantalla = PANTALLA_FIN;
  74:../jugada_por_pantalla.c **** 			}else if(evento == EVENTO_JUGADA){
  75:../jugada_por_pantalla.c **** 				estado_jugada_pantalla = PANTALLA_SELECCION;
  76:../jugada_por_pantalla.c **** 				fila_pantalla = 1;
  77:../jugada_por_pantalla.c **** 				columna_pantalla = 1;
  78:../jugada_por_pantalla.c **** 			}
  79:../jugada_por_pantalla.c **** 			break;
 1815              		.loc 1 79 0
 1816 0274 480000EA 		b	.L11
 1817              	.L18:
  64:../jugada_por_pantalla.c **** 			}else if(evento == EVENTO_DR_BOTON_SOLTADO){
 1818              		.loc 1 64 0
 1819 0278 10301BE5 		ldr	r3, [fp, #-16]
 1820 027c DB0053E3 		cmp	r3, #219
 1821 0280 0100001A 		bne	.L20
  65:../jugada_por_pantalla.c **** 				mover_ficha_abajo();
 1822              		.loc 1 65 0
 1823 0284 FEFFFFEB 		bl	mover_ficha_abajo
 1824              		.loc 1 79 0
 1825 0288 430000EA 		b	.L11
 1826              	.L20:
  66:../jugada_por_pantalla.c **** 			}else if(evento == EVENTO_PULSACION_TACTIL){
 1827              		.loc 1 66 0
 1828 028c 10301BE5 		ldr	r3, [fp, #-16]
 1829 0290 110053E3 		cmp	r3, #17
 1830 0294 0D00001A 		bne	.L21
  67:../jugada_por_pantalla.c **** 				jugar(fila_pantalla -1,columna_pantalla-1);
 1831              		.loc 1 67 0
 1832 0298 0C319FE5 		ldr	r3, .L28+4
 1833 029c 003093E5 		ldr	r3, [r3, #0]
 1834 02a0 FF3003E2 		and	r3, r3, #255
 1835 02a4 013043E2 		sub	r3, r3, #1
 1836 02a8 FF2003E2 		and	r2, r3, #255
 1837 02ac FC309FE5 		ldr	r3, .L28+8
 1838 02b0 003093E5 		ldr	r3, [r3, #0]
 1839 02b4 FF3003E2 		and	r3, r3, #255
 1840 02b8 013043E2 		sub	r3, r3, #1
 1841 02bc FF3003E2 		and	r3, r3, #255
 1842 02c0 0200A0E1 		mov	r0, r2
 1843 02c4 0310A0E1 		mov	r1, r3
 1844 02c8 FEFFFFEB 		bl	jugar
 1845              		.loc 1 79 0
 1846 02cc 320000EA 		b	.L11
 1847              	.L21:
  68:../jugada_por_pantalla.c **** 			}else if(evento == EVENTO_GANAN_BLANCAS){
 1848              		.loc 1 68 0
 1849 02d0 10301BE5 		ldr	r3, [fp, #-16]
 1850 02d4 220053E3 		cmp	r3, #34
 1851 02d8 0500001A 		bne	.L22
  69:../jugada_por_pantalla.c **** 				mostrar_pantalla_final(FICHA_BLANCA);
 1852              		.loc 1 69 0
 1853 02dc 0100A0E3 		mov	r0, #1
 1854 02e0 FEFFFFEB 		bl	mostrar_pantalla_final
  70:../jugada_por_pantalla.c **** 				estado_jugada_pantalla = PANTALLA_FIN;
 1855              		.loc 1 70 0
 1856 02e4 BC309FE5 		ldr	r3, .L28
 1857 02e8 0220A0E3 		mov	r2, #2
 1858 02ec 0020C3E5 		strb	r2, [r3, #0]
 1859              		.loc 1 79 0
 1860 02f0 290000EA 		b	.L11
 1861              	.L22:
  71:../jugada_por_pantalla.c **** 			}else if(evento == EVENTO_GANAN_NEGRAS){
 1862              		.loc 1 71 0
 1863 02f4 10301BE5 		ldr	r3, [fp, #-16]
 1864 02f8 330053E3 		cmp	r3, #51
 1865 02fc 0500001A 		bne	.L23
  72:../jugada_por_pantalla.c **** 				mostrar_pantalla_final(EVENTO_GANAN_NEGRAS);
 1866              		.loc 1 72 0
 1867 0300 3300A0E3 		mov	r0, #51
 1868 0304 FEFFFFEB 		bl	mostrar_pantalla_final
  73:../jugada_por_pantalla.c **** 				estado_jugada_pantalla = PANTALLA_FIN;
 1869              		.loc 1 73 0
 1870 0308 98309FE5 		ldr	r3, .L28
 1871 030c 0220A0E3 		mov	r2, #2
 1872 0310 0020C3E5 		strb	r2, [r3, #0]
 1873              		.loc 1 79 0
 1874 0314 200000EA 		b	.L11
 1875              	.L23:
  74:../jugada_por_pantalla.c **** 			}else if(evento == EVENTO_JUGADA){
 1876              		.loc 1 74 0
 1877 0318 10301BE5 		ldr	r3, [fp, #-16]
 1878 031c EE0053E3 		cmp	r3, #238
 1879 0320 1A00001A 		bne	.L26
  75:../jugada_por_pantalla.c **** 				estado_jugada_pantalla = PANTALLA_SELECCION;
 1880              		.loc 1 75 0
 1881 0324 7C309FE5 		ldr	r3, .L28
 1882 0328 0120A0E3 		mov	r2, #1
 1883 032c 0020C3E5 		strb	r2, [r3, #0]
  76:../jugada_por_pantalla.c **** 				fila_pantalla = 1;
 1884              		.loc 1 76 0
 1885 0330 74309FE5 		ldr	r3, .L28+4
 1886 0334 0120A0E3 		mov	r2, #1
 1887 0338 002083E5 		str	r2, [r3, #0]
  77:../jugada_por_pantalla.c **** 				columna_pantalla = 1;
 1888              		.loc 1 77 0
 1889 033c 6C309FE5 		ldr	r3, .L28+8
 1890 0340 0120A0E3 		mov	r2, #1
 1891 0344 002083E5 		str	r2, [r3, #0]
 1892              		.loc 1 79 0
 1893 0348 130000EA 		b	.L11
 1894              	.L15:
  80:../jugada_por_pantalla.c **** 		//Esperando a seleccionar columna
  81:../jugada_por_pantalla.c **** 		case PANTALLA_FIN:
  82:../jugada_por_pantalla.c **** 			if(evento == EVENTO_PULSACION_TACTIL){
 1895              		.loc 1 82 0
 1896 034c 10301BE5 		ldr	r3, [fp, #-16]
 1897 0350 110053E3 		cmp	r3, #17
 1898 0354 0F00001A 		bne	.L27
  83:../jugada_por_pantalla.c **** 				estado_jugada_pantalla = PANTALLA_INICIAL;
 1899              		.loc 1 83 0
 1900 0358 48309FE5 		ldr	r3, .L28
 1901 035c 0020A0E3 		mov	r2, #0
 1902 0360 0020C3E5 		strb	r2, [r3, #0]
  84:../jugada_por_pantalla.c **** 				fila_pantalla = 1;
 1903              		.loc 1 84 0
 1904 0364 40309FE5 		ldr	r3, .L28+4
 1905 0368 0120A0E3 		mov	r2, #1
 1906 036c 002083E5 		str	r2, [r3, #0]
  85:../jugada_por_pantalla.c **** 				columna_pantalla = 1;
 1907              		.loc 1 85 0
 1908 0370 38309FE5 		ldr	r3, .L28+8
 1909 0374 0120A0E3 		mov	r2, #1
 1910 0378 002083E5 		str	r2, [r3, #0]
  86:../jugada_por_pantalla.c **** 				mostrar_pantalla_inicial();
 1911              		.loc 1 86 0
 1912 037c FEFFFFEB 		bl	mostrar_pantalla_inicial
  87:../jugada_por_pantalla.c **** 				reversi8();
 1913              		.loc 1 87 0
 1914 0380 FEFFFFEB 		bl	reversi8
  88:../jugada_por_pantalla.c **** 			}
  89:../jugada_por_pantalla.c **** 			break;
 1915              		.loc 1 89 0
 1916 0384 040000EA 		b	.L11
 1917              	.L25:
  55:../jugada_por_pantalla.c **** 			break;
 1918              		.loc 1 55 0
 1919 0388 0000A0E1 		mov	r0, r0	@ nop
 1920 038c 020000EA 		b	.L11
 1921              	.L26:
  79:../jugada_por_pantalla.c **** 			break;
 1922              		.loc 1 79 0
 1923 0390 0000A0E1 		mov	r0, r0	@ nop
 1924 0394 000000EA 		b	.L11
 1925              	.L27:
 1926              		.loc 1 89 0
 1927 0398 0000A0E1 		mov	r0, r0	@ nop
 1928              	.L11:
  90:../jugada_por_pantalla.c **** 	}
  91:../jugada_por_pantalla.c **** }
 1929              		.loc 1 91 0
 1930 039c 0CD04BE2 		sub	sp, fp, #12
 1931 03a0 00689DE8 		ldmfd	sp, {fp, sp, lr}
 1932 03a4 1EFF2FE1 		bx	lr
 1933              	.L29:
 1934              		.align	2
 1935              	.L28:
 1936 03a8 00000000 		.word	estado_jugada_pantalla
 1937 03ac 00000000 		.word	fila_pantalla
 1938 03b0 00000000 		.word	columna_pantalla
 1939 03b4 00000000 		.word	tiempo_partida
 1940              		.cfi_endproc
 1941              	.LFE2:
 1943              		.align	2
 1944              		.global	obtener_posicion_valida
 1946              	obtener_posicion_valida:
 1947              	.LFB3:
  92:../jugada_por_pantalla.c **** void obtener_posicion_valida(){
 1948              		.loc 1 92 0
 1949              		.cfi_startproc
 1950              		@ Function supports interworking.
 1951              		@ args = 0, pretend = 0, frame = 8
 1952              		@ frame_needed = 1, uses_anonymous_args = 0
 1953 03b8 0DC0A0E1 		mov	ip, sp
 1954              	.LCFI6:
 1955              		.cfi_def_cfa_register 12
 1956 03bc 00D82DE9 		stmfd	sp!, {fp, ip, lr, pc}
 1957 03c0 04B04CE2 		sub	fp, ip, #4
 1958              		.cfi_offset 14, -8
 1959              		.cfi_offset 13, -12
 1960              		.cfi_offset 11, -16
 1961              	.LCFI7:
 1962              		.cfi_def_cfa 11, 4
 1963 03c4 08D04DE2 		sub	sp, sp, #8
  93:../jugada_por_pantalla.c **** 	int i = 0;
 1964              		.loc 1 93 0
 1965 03c8 0030A0E3 		mov	r3, #0
 1966 03cc 10300BE5 		str	r3, [fp, #-16]
  94:../jugada_por_pantalla.c **** 	int j = 0;
 1967              		.loc 1 94 0
 1968 03d0 0030A0E3 		mov	r3, #0
 1969 03d4 14300BE5 		str	r3, [fp, #-20]
  95:../jugada_por_pantalla.c **** 	for(i = 0; i < DIM; i++){
 1970              		.loc 1 95 0
 1971 03d8 0030A0E3 		mov	r3, #0
 1972 03dc 10300BE5 		str	r3, [fp, #-16]
 1973 03e0 250000EA 		b	.L31
 1974              	.L36:
  96:../jugada_por_pantalla.c **** 		for(j = 0; j< DIM; j++){
 1975              		.loc 1 96 0
 1976 03e4 0030A0E3 		mov	r3, #0
 1977 03e8 14300BE5 		str	r3, [fp, #-20]
 1978 03ec 1C0000EA 		b	.L32
 1979              	.L35:
  97:../jugada_por_pantalla.c **** 			if(!posicion_ocupada(i,j)){
 1980              		.loc 1 97 0
 1981 03f0 10001BE5 		ldr	r0, [fp, #-16]
 1982 03f4 14101BE5 		ldr	r1, [fp, #-20]
 1983 03f8 FEFFFFEB 		bl	posicion_ocupada
 1984 03fc 0030A0E1 		mov	r3, r0
 1985 0400 000053E3 		cmp	r3, #0
 1986 0404 1300001A 		bne	.L33
  98:../jugada_por_pantalla.c **** 				fila_pantalla = i + 1;
 1987              		.loc 1 98 0
 1988 0408 10301BE5 		ldr	r3, [fp, #-16]
 1989 040c 012083E2 		add	r2, r3, #1
 1990 0410 7C309FE5 		ldr	r3, .L37
 1991 0414 002083E5 		str	r2, [r3, #0]
  99:../jugada_por_pantalla.c **** 				columna_pantalla = j + 1;
 1992              		.loc 1 99 0
 1993 0418 14301BE5 		ldr	r3, [fp, #-20]
 1994 041c 012083E2 		add	r2, r3, #1
 1995 0420 70309FE5 		ldr	r3, .L37+4
 1996 0424 002083E5 		str	r2, [r3, #0]
 100:../jugada_por_pantalla.c **** 				mover_ficha_seleccion(fila_pantalla -1, columna_pantalla - 1, 320, 320);
 1997              		.loc 1 100 0
 1998 0428 64309FE5 		ldr	r3, .L37
 1999 042c 003093E5 		ldr	r3, [r3, #0]
 2000 0430 012043E2 		sub	r2, r3, #1
 2001 0434 5C309FE5 		ldr	r3, .L37+4
 2002 0438 003093E5 		ldr	r3, [r3, #0]
 2003 043c 013043E2 		sub	r3, r3, #1
 2004 0440 0200A0E1 		mov	r0, r2
 2005 0444 0310A0E1 		mov	r1, r3
 2006 0448 052DA0E3 		mov	r2, #320
 2007 044c 053DA0E3 		mov	r3, #320
 2008 0450 FEFFFFEB 		bl	mover_ficha_seleccion
 101:../jugada_por_pantalla.c **** 				return;
 2009              		.loc 1 101 0
 2010 0454 0B0000EA 		b	.L30
 2011              	.L33:
  96:../jugada_por_pantalla.c **** 		for(j = 0; j< DIM; j++){
 2012              		.loc 1 96 0
 2013 0458 14301BE5 		ldr	r3, [fp, #-20]
 2014 045c 013083E2 		add	r3, r3, #1
 2015 0460 14300BE5 		str	r3, [fp, #-20]
 2016              	.L32:
  96:../jugada_por_pantalla.c **** 		for(j = 0; j< DIM; j++){
 2017              		.loc 1 96 0 is_stmt 0 discriminator 1
 2018 0464 14301BE5 		ldr	r3, [fp, #-20]
 2019 0468 070053E3 		cmp	r3, #7
 2020 046c DFFFFFDA 		ble	.L35
  95:../jugada_por_pantalla.c **** 	for(i = 0; i < DIM; i++){
 2021              		.loc 1 95 0 is_stmt 1
 2022 0470 10301BE5 		ldr	r3, [fp, #-16]
 2023 0474 013083E2 		add	r3, r3, #1
 2024 0478 10300BE5 		str	r3, [fp, #-16]
 2025              	.L31:
  95:../jugada_por_pantalla.c **** 	for(i = 0; i < DIM; i++){
 2026              		.loc 1 95 0 is_stmt 0 discriminator 1
 2027 047c 10301BE5 		ldr	r3, [fp, #-16]
 2028 0480 070053E3 		cmp	r3, #7
 2029 0484 D6FFFFDA 		ble	.L36
 2030              	.L30:
 102:../jugada_por_pantalla.c **** 			}
 103:../jugada_por_pantalla.c **** 		}
 104:../jugada_por_pantalla.c **** 	}
 105:../jugada_por_pantalla.c **** }
 2031              		.loc 1 105 0 is_stmt 1
 2032 0488 0CD04BE2 		sub	sp, fp, #12
 2033 048c 00689DE8 		ldmfd	sp, {fp, sp, lr}
 2034 0490 1EFF2FE1 		bx	lr
 2035              	.L38:
 2036              		.align	2
 2037              	.L37:
 2038 0494 00000000 		.word	fila_pantalla
 2039 0498 00000000 		.word	columna_pantalla
 2040              		.cfi_endproc
 2041              	.LFE3:
 2043              		.align	2
 2044              		.global	obtener_ficha_pantalla
 2046              	obtener_ficha_pantalla:
 2047              	.LFB4:
 106:../jugada_por_pantalla.c **** void obtener_ficha_pantalla(int *f, int *c){
 2048              		.loc 1 106 0
 2049              		.cfi_startproc
 2050              		@ Function supports interworking.
 2051              		@ args = 0, pretend = 0, frame = 8
 2052              		@ frame_needed = 1, uses_anonymous_args = 0
 2053 049c 0DC0A0E1 		mov	ip, sp
 2054              	.LCFI8:
 2055              		.cfi_def_cfa_register 12
 2056 04a0 00D82DE9 		stmfd	sp!, {fp, ip, lr, pc}
 2057 04a4 04B04CE2 		sub	fp, ip, #4
 2058              		.cfi_offset 14, -8
 2059              		.cfi_offset 13, -12
 2060              		.cfi_offset 11, -16
 2061              	.LCFI9:
 2062              		.cfi_def_cfa 11, 4
 2063 04a8 08D04DE2 		sub	sp, sp, #8
 2064 04ac 10000BE5 		str	r0, [fp, #-16]
 2065 04b0 14100BE5 		str	r1, [fp, #-20]
 107:../jugada_por_pantalla.c **** 	*f = fila_pantalla;
 2066              		.loc 1 107 0
 2067 04b4 24309FE5 		ldr	r3, .L40
 2068 04b8 002093E5 		ldr	r2, [r3, #0]
 2069 04bc 10301BE5 		ldr	r3, [fp, #-16]
 2070 04c0 002083E5 		str	r2, [r3, #0]
 108:../jugada_por_pantalla.c **** 	*c = columna_pantalla;
 2071              		.loc 1 108 0
 2072 04c4 18309FE5 		ldr	r3, .L40+4
 2073 04c8 002093E5 		ldr	r2, [r3, #0]
 2074 04cc 14301BE5 		ldr	r3, [fp, #-20]
 2075 04d0 002083E5 		str	r2, [r3, #0]
 109:../jugada_por_pantalla.c **** }
 2076              		.loc 1 109 0
 2077 04d4 0CD04BE2 		sub	sp, fp, #12
 2078 04d8 00689DE8 		ldmfd	sp, {fp, sp, lr}
 2079 04dc 1EFF2FE1 		bx	lr
 2080              	.L41:
 2081              		.align	2
 2082              	.L40:
 2083 04e0 00000000 		.word	fila_pantalla
 2084 04e4 00000000 		.word	columna_pantalla
 2085              		.cfi_endproc
 2086              	.LFE4:
 2088              	.Letext0:
DEFINED SYMBOLS
                            *ABS*:00000000 jugada_por_pantalla.c
                            *COM*:00000001 estado_jugada_pantalla
                            *COM*:00000004 fila_pantalla
                            *COM*:00000004 columna_pantalla
                            *COM*:00000004 transferencia_completa
C:\Users\Martin\AppData\Local\Temp\cclBXDTa.s:1464   .rodata:00000000 $d
C:\Users\Martin\AppData\Local\Temp\cclBXDTa.s:1467   .rodata:00000000 tabla_valor
C:\Users\Martin\AppData\Local\Temp\cclBXDTa.s:1535   .rodata:00000040 vSF
C:\Users\Martin\AppData\Local\Temp\cclBXDTa.s:1547   .rodata:00000048 vSC
                            *COM*:00000004 accesos_patron_volteo
                            *COM*:00000004 tiempo_patron_volteo
                            *COM*:00000004 tiempo_partida
C:\Users\Martin\AppData\Local\Temp\cclBXDTa.s:1560   .text:00000000 $a
C:\Users\Martin\AppData\Local\Temp\cclBXDTa.s:1563   .text:00000000 mover_ficha_derecha
C:\Users\Martin\AppData\Local\Temp\cclBXDTa.s:1638   .text:000000c4 $d
C:\Users\Martin\AppData\Local\Temp\cclBXDTa.s:1643   .text:000000cc $a
C:\Users\Martin\AppData\Local\Temp\cclBXDTa.s:1646   .text:000000cc mover_ficha_abajo
C:\Users\Martin\AppData\Local\Temp\cclBXDTa.s:1720   .text:0000018c $d
C:\Users\Martin\AppData\Local\Temp\cclBXDTa.s:1725   .text:00000194 $a
C:\Users\Martin\AppData\Local\Temp\cclBXDTa.s:1728   .text:00000194 evento_pantalla_producido
C:\Users\Martin\AppData\Local\Temp\cclBXDTa.s:1946   .text:000003b8 obtener_posicion_valida
C:\Users\Martin\AppData\Local\Temp\cclBXDTa.s:1936   .text:000003a8 $d
C:\Users\Martin\AppData\Local\Temp\cclBXDTa.s:1943   .text:000003b8 $a
C:\Users\Martin\AppData\Local\Temp\cclBXDTa.s:2038   .text:00000494 $d
C:\Users\Martin\AppData\Local\Temp\cclBXDTa.s:2043   .text:0000049c $a
C:\Users\Martin\AppData\Local\Temp\cclBXDTa.s:2046   .text:0000049c obtener_ficha_pantalla
C:\Users\Martin\AppData\Local\Temp\cclBXDTa.s:2083   .text:000004e0 $d
                     .debug_frame:00000010 $d

UNDEFINED SYMBOLS
posicion_ocupada
mover_ficha_seleccion
mostrar_pantalla_seleccion
jugar
mostrar_pantalla_final
mostrar_pantalla_inicial
reversi8
