   1              		.cpu arm7tdmi
   2              		.fpu softvfp
   3              		.eabi_attribute 20, 1
   4              		.eabi_attribute 21, 1
   5              		.eabi_attribute 23, 3
   6              		.eabi_attribute 24, 1
   7              		.eabi_attribute 25, 1
   8              		.eabi_attribute 26, 1
   9              		.eabi_attribute 30, 6
  10              		.eabi_attribute 18, 4
  11              		.file	"main.c"
  21              	.Ltext0:
  22              		.file 1 "../main.c"
 2386              		.align	3
 2389              	tabla_valor:
 2390 0000 08       		.byte	8
 2391 0001 02       		.byte	2
 2392 0002 07       		.byte	7
 2393 0003 03       		.byte	3
 2394 0004 03       		.byte	3
 2395 0005 07       		.byte	7
 2396 0006 02       		.byte	2
 2397 0007 08       		.byte	8
 2398 0008 02       		.byte	2
 2399 0009 01       		.byte	1
 2400 000a 04       		.byte	4
 2401 000b 04       		.byte	4
 2402 000c 04       		.byte	4
 2403 000d 04       		.byte	4
 2404 000e 01       		.byte	1
 2405 000f 02       		.byte	2
 2406 0010 07       		.byte	7
 2407 0011 04       		.byte	4
 2408 0012 06       		.byte	6
 2409 0013 05       		.byte	5
 2410 0014 05       		.byte	5
 2411 0015 06       		.byte	6
 2412 0016 04       		.byte	4
 2413 0017 07       		.byte	7
 2414 0018 03       		.byte	3
 2415 0019 04       		.byte	4
 2416 001a 05       		.byte	5
 2417 001b 00       		.byte	0
 2418 001c 00       		.byte	0
 2419 001d 05       		.byte	5
 2420 001e 04       		.byte	4
 2421 001f 03       		.byte	3
 2422 0020 03       		.byte	3
 2423 0021 04       		.byte	4
 2424 0022 05       		.byte	5
 2425 0023 00       		.byte	0
 2426 0024 00       		.byte	0
 2427 0025 05       		.byte	5
 2428 0026 04       		.byte	4
 2429 0027 03       		.byte	3
 2430 0028 07       		.byte	7
 2431 0029 04       		.byte	4
 2432 002a 06       		.byte	6
 2433 002b 05       		.byte	5
 2434 002c 05       		.byte	5
 2435 002d 06       		.byte	6
 2436 002e 04       		.byte	4
 2437 002f 07       		.byte	7
 2438 0030 02       		.byte	2
 2439 0031 01       		.byte	1
 2440 0032 04       		.byte	4
 2441 0033 04       		.byte	4
 2442 0034 04       		.byte	4
 2443 0035 04       		.byte	4
 2444 0036 01       		.byte	1
 2445 0037 02       		.byte	2
 2446 0038 08       		.byte	8
 2447 0039 02       		.byte	2
 2448 003a 07       		.byte	7
 2449 003b 03       		.byte	3
 2450 003c 03       		.byte	3
 2451 003d 07       		.byte	7
 2452 003e 02       		.byte	2
 2453 003f 08       		.byte	8
 2454              		.align	2
 2457              	vSF:
 2458 0040 FF       		.byte	-1
 2459 0041 FF       		.byte	-1
 2460 0042 00       		.byte	0
 2461 0043 01       		.byte	1
 2462 0044 01       		.byte	1
 2463 0045 01       		.byte	1
 2464 0046 00       		.byte	0
 2465 0047 FF       		.byte	-1
 2466              		.align	2
 2469              	vSC:
 2470 0048 00       		.byte	0
 2471 0049 01       		.byte	1
 2472 004a 01       		.byte	1
 2473 004b 01       		.byte	1
 2474 004c 00       		.byte	0
 2475 004d FF       		.byte	-1
 2476 004e FF       		.byte	-1
 2477 004f FF       		.byte	-1
 2478              		.comm	accesos_patron_volteo,4,4
 2479              		.comm	tiempo_patron_volteo,4,4
 2480              		.comm	tiempo_partida,4,4
 2481              		.text
 2482              		.align	2
 2483              		.global	Main
 2485              	Main:
 2486              	.LFB0:
   1:../main.c     **** /*********************************************************************************************
   2:../main.c     **** * Fichero:	main.c
   3:../main.c     **** * Autor:
   4:../main.c     **** * Descrip:	punto de entrada de C
   5:../main.c     **** * Version:  <P4-ARM.timer-leds>
   6:../main.c     **** *********************************************************************************************/
   7:../main.c     **** 
   8:../main.c     **** /*--- ficheros de cabecera ---*/
   9:../main.c     **** 
  10:../main.c     **** #include "timer.h"
  11:../main.c     **** #include "timer1.h"
  12:../main.c     **** #include "timer2.h"
  13:../main.c     **** #include "44blib.h"
  14:../main.c     **** #include "44b.h"
  15:../main.c     **** #include "stdint.h"
  16:../main.c     **** #include "boton_antirebotes.h"
  17:../main.c     **** #include "pantalla_reversi.h"
  18:../main.c     **** #include "reversi8_2019.h"
  19:../main.c     **** #include "control_modo_procesador.h"
  20:../main.c     **** /*--- variables globales ---*/
  21:../main.c     **** 
  22:../main.c     **** 
  23:../main.c     **** /*--- codigo de funciones ---*/
  24:../main.c     **** void Main(void)
  25:../main.c     **** {
 2487              		.loc 1 25 0
 2488              		.cfi_startproc
 2489              		@ Function supports interworking.
 2490              		@ args = 0, pretend = 0, frame = 8
 2491              		@ frame_needed = 1, uses_anonymous_args = 0
 2492 0000 0DC0A0E1 		mov	ip, sp
 2493              	.LCFI0:
 2494              		.cfi_def_cfa_register 12
 2495 0004 00D82DE9 		stmfd	sp!, {fp, ip, lr, pc}
 2496 0008 04B04CE2 		sub	fp, ip, #4
 2497              		.cfi_offset 14, -8
 2498              		.cfi_offset 13, -12
 2499              		.cfi_offset 11, -16
 2500              	.LCFI1:
 2501              		.cfi_def_cfa 11, 4
 2502 000c 08D04DE2 		sub	sp, sp, #8
  26:../main.c     **** 	/* Inicializa controladores */
  27:../main.c     **** 	sys_init();         
 2503              		.loc 1 27 0
 2504 0010 FEFFFFEB 		bl	sys_init
  28:../main.c     **** 
  29:../main.c     **** 	int b = obtener_modo_procesador();
 2505              		.loc 1 29 0
 2506 0014 FEFFFFEB 		bl	obtener_modo_procesador
 2507 0018 10000BE5 		str	r0, [fp, #-16]
  30:../main.c     **** 
  31:../main.c     **** 	cambiar_modo_usuario();
 2508              		.loc 1 31 0
 2509 001c FEFFFFEB 		bl	cambiar_modo_usuario
  32:../main.c     **** 	/*	TIMERS	*/
  33:../main.c     **** 	b = obtener_modo_procesador();
 2510              		.loc 1 33 0
 2511 0020 FEFFFFEB 		bl	obtener_modo_procesador
 2512 0024 10000BE5 		str	r0, [fp, #-16]
  34:../main.c     **** 	timer2_inicializar();		//		|
 2513              		.loc 1 34 0
 2514 0028 FEFFFFEB 		bl	timer2_inicializar
  35:../main.c     **** 	timer2_empezar();			//		| iniciamos el reloj para la pila de depuración.
 2515              		.loc 1 35 0
 2516 002c FEFFFFEB 		bl	timer2_empezar
  36:../main.c     **** 	//test_timer2();
  37:../main.c     **** 
  38:../main.c     **** 	/*TEST FIQ*/
  39:../main.c     **** 	//rINTMOD = 0x0;	// cambiamos el modo de interrupcion del timer dos a IRQ, no debería funcionar
  40:../main.c     **** 
  41:../main.c     **** 	/*	EXCEPCIONES	*/
  42:../main.c     **** 	init_excepciones();
 2517              		.loc 1 42 0
 2518 0030 FEFFFFEB 		bl	init_excepciones
  43:../main.c     **** 	//test_excepciones();
  44:../main.c     **** 
  45:../main.c     **** 	/*	JUEGO*/
  46:../main.c     **** 
  47:../main.c     **** 	int a = obtener_modo_procesador();	//Guardamos en variable para depuracion
 2519              		.loc 1 47 0
 2520 0034 FEFFFFEB 		bl	obtener_modo_procesador
 2521 0038 14000BE5 		str	r0, [fp, #-20]
  48:../main.c     **** 
  49:../main.c     **** 	screen_init();
 2522              		.loc 1 49 0
 2523 003c FEFFFFEB 		bl	screen_init
  50:../main.c     **** 	timer_init();
 2524              		.loc 1 50 0
 2525 0040 FEFFFFEB 		bl	timer_init
  51:../main.c     **** 	boton_antirebotes_inicializar();
 2526              		.loc 1 51 0
 2527 0044 FEFFFFEB 		bl	boton_antirebotes_inicializar
  52:../main.c     **** 	reversi_main();
 2528              		.loc 1 52 0
 2529 0048 FEFFFFEB 		bl	reversi_main
 2530              	.L2:
  53:../main.c     **** 
  54:../main.c     **** 	while(1);
 2531              		.loc 1 54 0 discriminator 1
 2532 004c FEFFFFEA 		b	.L2
 2533              		.cfi_endproc
 2534              	.LFE0:
 2536              		.align	2
 2537              		.global	test_timer2
 2539              	test_timer2:
 2540              	.LFB1:
  55:../main.c     **** }
  56:../main.c     **** 
  57:../main.c     **** void test_timer2(){
 2541              		.loc 1 57 0
 2542              		.cfi_startproc
 2543              		@ Function supports interworking.
 2544              		@ args = 0, pretend = 0, frame = 24
 2545              		@ frame_needed = 1, uses_anonymous_args = 0
 2546 0050 0DC0A0E1 		mov	ip, sp
 2547              	.LCFI2:
 2548              		.cfi_def_cfa_register 12
 2549 0054 00D82DE9 		stmfd	sp!, {fp, ip, lr, pc}
 2550 0058 04B04CE2 		sub	fp, ip, #4
 2551              		.cfi_offset 14, -8
 2552              		.cfi_offset 13, -12
 2553              		.cfi_offset 11, -16
 2554              	.LCFI3:
 2555              		.cfi_def_cfa 11, 4
 2556 005c 18D04DE2 		sub	sp, sp, #24
  58:../main.c     **** 	timer2_inicializar();
 2557              		.loc 1 58 0
 2558 0060 FEFFFFEB 		bl	timer2_inicializar
  59:../main.c     **** 	timer2_empezar();
 2559              		.loc 1 59 0
 2560 0064 FEFFFFEB 		bl	timer2_empezar
  60:../main.c     **** 	Delay(10);	// * 100 us
 2561              		.loc 1 60 0
 2562 0068 0A00A0E3 		mov	r0, #10
 2563 006c FEFFFFEB 		bl	Delay
  61:../main.c     **** 	unsigned int primera_lectura = timer2_parar();
 2564              		.loc 1 61 0
 2565 0070 FEFFFFEB 		bl	timer2_parar
 2566 0074 10000BE5 		str	r0, [fp, #-16]
  62:../main.c     **** 	timer2_empezar();
 2567              		.loc 1 62 0
 2568 0078 FEFFFFEB 		bl	timer2_empezar
  63:../main.c     **** 	Delay(100);	// * 100 us
 2569              		.loc 1 63 0
 2570 007c 6400A0E3 		mov	r0, #100
 2571 0080 FEFFFFEB 		bl	Delay
  64:../main.c     **** 	unsigned int segunda_lectura = timer2_parar();
 2572              		.loc 1 64 0
 2573 0084 FEFFFFEB 		bl	timer2_parar
 2574 0088 14000BE5 		str	r0, [fp, #-20]
  65:../main.c     **** 	timer2_empezar();
 2575              		.loc 1 65 0
 2576 008c FEFFFFEB 		bl	timer2_empezar
  66:../main.c     **** 	Delay(10000);	// * 100 us
 2577              		.loc 1 66 0
 2578 0090 34009FE5 		ldr	r0, .L4
 2579 0094 FEFFFFEB 		bl	Delay
  67:../main.c     **** 	unsigned int tercera_lectura = timer2_parar();
 2580              		.loc 1 67 0
 2581 0098 FEFFFFEB 		bl	timer2_parar
 2582 009c 18000BE5 		str	r0, [fp, #-24]
  68:../main.c     **** 	timer2_empezar();
 2583              		.loc 1 68 0
 2584 00a0 FEFFFFEB 		bl	timer2_empezar
  69:../main.c     **** 	Delay(100000);	// * 100 us
 2585              		.loc 1 69 0
 2586 00a4 24009FE5 		ldr	r0, .L4+4
 2587 00a8 FEFFFFEB 		bl	Delay
  70:../main.c     **** 	unsigned int cuarta_lectura = timer2_leer();
 2588              		.loc 1 70 0
 2589 00ac FEFFFFEB 		bl	timer2_leer
 2590 00b0 1C000BE5 		str	r0, [fp, #-28]
  71:../main.c     **** 	timer2_parar();
 2591              		.loc 1 71 0
 2592 00b4 FEFFFFEB 		bl	timer2_parar
  72:../main.c     **** 	int a = 0;
 2593              		.loc 1 72 0
 2594 00b8 0030A0E3 		mov	r3, #0
 2595 00bc 20300BE5 		str	r3, [fp, #-32]
  73:../main.c     **** }
 2596              		.loc 1 73 0
 2597 00c0 0CD04BE2 		sub	sp, fp, #12
 2598 00c4 00689DE8 		ldmfd	sp, {fp, sp, lr}
 2599 00c8 1EFF2FE1 		bx	lr
 2600              	.L5:
 2601              		.align	2
 2602              	.L4:
 2603 00cc 10270000 		.word	10000
 2604 00d0 A0860100 		.word	100000
 2605              		.cfi_endproc
 2606              	.LFE1:
 2608              	.Letext0:
DEFINED SYMBOLS
                            *ABS*:00000000 main.c
                            *COM*:00000004 switch_leds
                            *COM*:00000004 boton
                            *COM*:00000001 estado_button
                            *COM*:00000001 estado_timer_button
                            *COM*:00000004 transferencia_completa
C:\Users\Martin\AppData\Local\Temp\cc4H9KOC.s:2386   .rodata:00000000 $d
C:\Users\Martin\AppData\Local\Temp\cc4H9KOC.s:2389   .rodata:00000000 tabla_valor
C:\Users\Martin\AppData\Local\Temp\cc4H9KOC.s:2457   .rodata:00000040 vSF
C:\Users\Martin\AppData\Local\Temp\cc4H9KOC.s:2469   .rodata:00000048 vSC
                            *COM*:00000004 accesos_patron_volteo
                            *COM*:00000004 tiempo_patron_volteo
                            *COM*:00000004 tiempo_partida
C:\Users\Martin\AppData\Local\Temp\cc4H9KOC.s:2482   .text:00000000 $a
C:\Users\Martin\AppData\Local\Temp\cc4H9KOC.s:2485   .text:00000000 Main
C:\Users\Martin\AppData\Local\Temp\cc4H9KOC.s:2539   .text:00000050 test_timer2
C:\Users\Martin\AppData\Local\Temp\cc4H9KOC.s:2603   .text:000000cc $d
                     .debug_frame:00000010 $d

UNDEFINED SYMBOLS
sys_init
obtener_modo_procesador
cambiar_modo_usuario
timer2_inicializar
timer2_empezar
init_excepciones
screen_init
timer_init
boton_antirebotes_inicializar
reversi_main
Delay
timer2_parar
timer2_leer
