   1              		.cpu arm7tdmi
   2              		.fpu softvfp
   3              		.eabi_attribute 20, 1
   4              		.eabi_attribute 21, 1
   5              		.eabi_attribute 23, 3
   6              		.eabi_attribute 24, 1
   7              		.eabi_attribute 25, 1
   8              		.eabi_attribute 26, 1
   9              		.eabi_attribute 30, 6
  10              		.eabi_attribute 18, 4
  11              		.file	"tratamientoExcepcion.c"
  21              	.Ltext0:
  22              		.file 1 "../tratamientoExcepcion.c"
 1872              		.align	2
 1873              		.global	ISR_queHacer
 1875              	ISR_queHacer:
 1876              	.LFB0:
   1:../tratamientoExcepcion.c **** /*--- ficheros de cabecera ---*/
   2:../tratamientoExcepcion.c **** #include "44b.h"
   3:../tratamientoExcepcion.c **** #include "44blib.h"
   4:../tratamientoExcepcion.c **** 
   5:../tratamientoExcepcion.c **** extern void D8Led_symbol();
   6:../tratamientoExcepcion.c **** unsigned int tipo;
   7:../tratamientoExcepcion.c **** 
   8:../tratamientoExcepcion.c **** /* Funcion que se ejecuta cuando salta una excepcion */
   9:../tratamientoExcepcion.c **** void ISR_queHacer(void){
 1877              		.loc 1 9 0
 1878              		.cfi_startproc
 1879              		@ Function supports interworking.
 1880              		@ args = 0, pretend = 0, frame = 0
 1881              		@ frame_needed = 1, uses_anonymous_args = 0
 1882 0000 0DC0A0E1 		mov	ip, sp
 1883              	.LCFI0:
 1884              		.cfi_def_cfa_register 12
 1885 0004 00D82DE9 		stmfd	sp!, {fp, ip, lr, pc}
 1886 0008 04B04CE2 		sub	fp, ip, #4
 1887              		.cfi_offset 14, -8
 1888              		.cfi_offset 13, -12
 1889              		.cfi_offset 11, -16
 1890              	.LCFI1:
 1891              		.cfi_def_cfa 11, 4
  10:../tratamientoExcepcion.c **** 	asm("ldr r0, =tipo\n\t"
 1892              		.loc 1 10 0
 1893              	@ 10 "../tratamientoExcepcion.c" 1
 1894 000c 7C009FE5 		ldr r0, =tipo
 1895 0010 00200FE1 		mrs r2, CPSR
 1896 0014 002080E5 		str r2,[r0]
 1897              	@ 0 "" 2
  11:../tratamientoExcepcion.c **** 			"mrs r2, CPSR\n\t"
  12:../tratamientoExcepcion.c **** 			"str r2,[r0]"); //copiamos el valor del registro de estado en la variable tipo
  13:../tratamientoExcepcion.c **** 	tipo &= 0x001F; //obtenemos el tipo de excepcion
 1898              		.loc 1 13 0
 1899 0018 20309FE5 		ldr	r3, .L2
 1900 001c 003093E5 		ldr	r3, [r3, #0]
 1901 0020 1F2003E2 		and	r2, r3, #31
 1902 0024 14309FE5 		ldr	r3, .L2
 1903 0028 002083E5 		str	r2, [r3, #0]
  14:../tratamientoExcepcion.c **** 	D8Led_symbol(14); //mostramos en el led una E de error
 1904              		.loc 1 14 0
 1905 002c 0E00A0E3 		mov	r0, #14
 1906 0030 FEFFFFEB 		bl	D8Led_symbol
  15:../tratamientoExcepcion.c **** }
 1907              		.loc 1 15 0
 1908 0034 0CD04BE2 		sub	sp, fp, #12
 1909 0038 00689DE8 		ldmfd	sp, {fp, sp, lr}
 1910 003c 1EFF2FE1 		bx	lr
 1911              	.L3:
 1912              		.align	2
 1913              	.L2:
 1914 0040 00000000 		.word	tipo
 1915              		.cfi_endproc
 1916              	.LFE0:
 1918              		.align	2
 1919              		.global	establecerRutinas
 1921              	establecerRutinas:
 1922              	.LFB1:
  16:../tratamientoExcepcion.c **** 
  17:../tratamientoExcepcion.c **** /* Funcion para establecer la rutina de interrupcion para las distintas interrupciones */
  18:../tratamientoExcepcion.c **** void establecerRutinas(void){
 1923              		.loc 1 18 0
 1924              		.cfi_startproc
 1925              		@ Function supports interworking.
 1926              		@ args = 0, pretend = 0, frame = 0
 1927              		@ frame_needed = 1, uses_anonymous_args = 0
 1928 0044 0DC0A0E1 		mov	ip, sp
 1929              	.LCFI2:
 1930              		.cfi_def_cfa_register 12
 1931 0048 00D82DE9 		stmfd	sp!, {fp, ip, lr, pc}
 1932 004c 04B04CE2 		sub	fp, ip, #4
 1933              		.cfi_offset 14, -8
 1934              		.cfi_offset 13, -12
 1935              		.cfi_offset 11, -16
 1936              	.LCFI3:
 1937              		.cfi_def_cfa 11, 4
  19:../tratamientoExcepcion.c **** 	pISR_UNDEF = (unsigned) ISR_queHacer;
 1938              		.loc 1 19 0
 1939 0050 28309FE5 		ldr	r3, .L5
 1940 0054 28209FE5 		ldr	r2, .L5+4
 1941 0058 002083E5 		str	r2, [r3, #0]
  20:../tratamientoExcepcion.c **** 	pISR_PABORT = (unsigned) ISR_queHacer;
 1942              		.loc 1 20 0
 1943 005c 24309FE5 		ldr	r3, .L5+8
 1944 0060 1C209FE5 		ldr	r2, .L5+4
 1945 0064 002083E5 		str	r2, [r3, #0]
  21:../tratamientoExcepcion.c **** 	pISR_DABORT	= (unsigned) ISR_queHacer;
 1946              		.loc 1 21 0
 1947 0068 1C309FE5 		ldr	r3, .L5+12
 1948 006c 10209FE5 		ldr	r2, .L5+4
 1949 0070 002083E5 		str	r2, [r3, #0]
  22:../tratamientoExcepcion.c **** }
 1950              		.loc 1 22 0
 1951 0074 0CD04BE2 		sub	sp, fp, #12
 1952 0078 00689DE8 		ldmfd	sp, {fp, sp, lr}
 1953 007c 1EFF2FE1 		bx	lr
 1954              	.L6:
 1955              		.align	2
 1956              	.L5:
 1957 0080 04FF7F0C 		.word	209714948
 1958 0084 00000000 		.word	ISR_queHacer
 1959 0088 0CFF7F0C 		.word	209714956
 1960 008c 10FF7F0C 		.word	209714960
 1961              		.cfi_endproc
 1962              	.LFE1:
 1964              	.Letext0:
DEFINED SYMBOLS
                            *ABS*:00000000 tratamientoExcepcion.c
                            *COM*:00000004 tipo
C:\Users\a764429\AppData\Local\Temp\ccSQ7l9w.s:1872   .text:00000000 $a
C:\Users\a764429\AppData\Local\Temp\ccSQ7l9w.s:1875   .text:00000000 ISR_queHacer
C:\Users\a764429\AppData\Local\Temp\ccSQ7l9w.s:1914   .text:00000040 $d
C:\Users\a764429\AppData\Local\Temp\ccSQ7l9w.s:1918   .text:00000044 $a
C:\Users\a764429\AppData\Local\Temp\ccSQ7l9w.s:1921   .text:00000044 establecerRutinas
C:\Users\a764429\AppData\Local\Temp\ccSQ7l9w.s:1957   .text:00000080 $d
                     .debug_frame:00000010 $d

UNDEFINED SYMBOLS
D8Led_symbol
