   1              		.cpu arm7tdmi
   2              		.fpu softvfp
   3              		.eabi_attribute 20, 1
   4              		.eabi_attribute 21, 1
   5              		.eabi_attribute 23, 3
   6              		.eabi_attribute 24, 1
   7              		.eabi_attribute 25, 1
   8              		.eabi_attribute 26, 1
   9              		.eabi_attribute 30, 6
  10              		.eabi_attribute 18, 4
  11              		.file	"timer2.c"
  21              	.Ltext0:
  22              		.file 1 "../timer2.c"
 1831              		.align	2
 1834              	timer2_num_int:
 1835 0000 00000000 		.space	4
 1836              		.text
 1837              		.align	2
 1838              		.global	timer2_ISR
 1840              	timer2_ISR:
 1841              	.LFB0:
   1:../timer2.c   **** /*********************************************************************************************
   2:../timer2.c   **** * Fichero:      timer.c
   3:../timer2.c   **** * Autor:
   4:../timer2.c   **** * Descrip:      funciones de control del timer0 del s3c44b0x
   5:../timer2.c   **** * Version:
   6:../timer2.c   **** *********************************************************************************************/
   7:../timer2.c   **** 
   8:../timer2.c   **** /*--- ficheros de cabecera ---*/
   9:../timer2.c   **** #include "44b.h"
  10:../timer2.c   **** 
  11:../timer2.c   **** /*--- variables globales ---*/
  12:../timer2.c   **** unsigned volatile int timer2_num_int = 0;
  13:../timer2.c   **** 
  14:../timer2.c   **** /*--- declaracion de funciones ---*/
  15:../timer2.c   **** void timer2_ISR(void) __attribute__((interrupt("IRQ")));
  16:../timer2.c   **** void timer2_inicializar(void);
  17:../timer2.c   **** 
  18:../timer2.c   **** /*--- codigo de las funciones ---*/
  19:../timer2.c   **** void timer2_ISR(void)
  20:../timer2.c   **** {
 1842              		.loc 1 20 0
 1843              		.cfi_startproc
 1844              		@ Interrupt Service Routine.
 1845              		@ args = 0, pretend = 0, frame = 0
 1846              		@ frame_needed = 1, uses_anonymous_args = 0
 1847 0000 04C02DE5 		str	ip, [sp, #-4]!
 1848 0004 0DC0A0E1 		mov	ip, sp
 1849              	.LCFI0:
 1850              		.cfi_def_cfa_register 12
 1851 0008 0CD82DE9 		stmfd	sp!, {r2, r3, fp, ip, lr, pc}
 1852 000c 04B04CE2 		sub	fp, ip, #4
 1853              		.cfi_offset 14, -8
 1854              		.cfi_offset 13, -12
 1855              		.cfi_offset 11, -16
 1856              		.cfi_offset 3, -20
 1857              		.cfi_offset 2, -24
 1858              	.LCFI1:
 1859              		.cfi_def_cfa 11, 4
  21:../timer2.c   ****     timer2_num_int++; //incrementamos el numero de interrupciones
 1860              		.loc 1 21 0
 1861 0010 30309FE5 		ldr	r3, .L2
 1862 0014 003093E5 		ldr	r3, [r3, #0]
 1863 0018 012083E2 		add	r2, r3, #1
 1864 001c 24309FE5 		ldr	r3, .L2
 1865 0020 002083E5 		str	r2, [r3, #0]
  22:../timer2.c   ****     /* borrar bit en I_ISPC para desactivar la solicitud de interrupción*/
  23:../timer2.c   ****     rI_ISPC |= BIT_TIMER2; // BIT_TIMER2 está definido en 44b.h y pone un uno en el bit que correpo
 1866              		.loc 1 23 0
 1867 0024 20309FE5 		ldr	r3, .L2+4
 1868 0028 1C209FE5 		ldr	r2, .L2+4
 1869 002c 002092E5 		ldr	r2, [r2, #0]
 1870 0030 022B82E3 		orr	r2, r2, #2048
 1871 0034 002083E5 		str	r2, [r3, #0]
  24:../timer2.c   **** }
 1872              		.loc 1 24 0
 1873 0038 14D04BE2 		sub	sp, fp, #20
 1874 003c 0C689DE8 		ldmfd	sp, {r2, r3, fp, sp, lr}
 1875 0040 04C09DE4 		ldmfd	sp!, {ip}
 1876 0044 04F05EE2 		subs	pc, lr, #4
 1877              	.L3:
 1878              		.align	2
 1879              	.L2:
 1880 0048 00000000 		.word	timer2_num_int
 1881 004c 2400E001 		.word	31457316
 1882              		.cfi_endproc
 1883              	.LFE0:
 1885              		.align	2
 1886              		.global	timer2_inicializar
 1888              	timer2_inicializar:
 1889              	.LFB1:
  25:../timer2.c   **** 
  26:../timer2.c   **** void timer2_inicializar(void)
  27:../timer2.c   **** {
 1890              		.loc 1 27 0
 1891              		.cfi_startproc
 1892              		@ Function supports interworking.
 1893              		@ args = 0, pretend = 0, frame = 0
 1894              		@ frame_needed = 1, uses_anonymous_args = 0
 1895 0050 0DC0A0E1 		mov	ip, sp
 1896              	.LCFI2:
 1897              		.cfi_def_cfa_register 12
 1898 0054 00D82DE9 		stmfd	sp!, {fp, ip, lr, pc}
 1899 0058 04B04CE2 		sub	fp, ip, #4
 1900              		.cfi_offset 14, -8
 1901              		.cfi_offset 13, -12
 1902              		.cfi_offset 11, -16
 1903              	.LCFI3:
 1904              		.cfi_def_cfa 11, 4
  28:../timer2.c   **** 	/* Configuraion controlador de interrupciones */
  29:../timer2.c   **** 
  30:../timer2.c   **** 		    rINTMOD = 0x0; 							// Configura las linas como de tipo IRQ
 1905              		.loc 1 30 0
 1906 005c 88309FE5 		ldr	r3, .L5
 1907 0060 0020A0E3 		mov	r2, #0
 1908 0064 002083E5 		str	r2, [r3, #0]
  31:../timer2.c   **** 		    rINTMSK &= ~(BIT_TIMER2); 				// Emascara todas las lineas excepto Timer2
 1909              		.loc 1 31 0
 1910 0068 80309FE5 		ldr	r3, .L5+4
 1911 006c 7C209FE5 		ldr	r2, .L5+4
 1912 0070 002092E5 		ldr	r2, [r2, #0]
 1913 0074 022BC2E3 		bic	r2, r2, #2048
 1914 0078 002083E5 		str	r2, [r3, #0]
  32:../timer2.c   **** 
  33:../timer2.c   **** 		    pISR_TIMER2 = (unsigned) timer2_ISR; 	// Establece la rutina de servicio para TIMER2
 1915              		.loc 1 33 0
 1916 007c 70309FE5 		ldr	r3, .L5+8
 1917 0080 70209FE5 		ldr	r2, .L5+12
 1918 0084 002083E5 		str	r2, [r3, #0]
  34:../timer2.c   **** 
  35:../timer2.c   **** 		/* Configuraion del timer */
  36:../timer2.c   **** 
  37:../timer2.c   **** 			rTCFG0 &= 0xFFFF00FF;		//  Prescalado a 0 de los timer 2, 3 y 4
 1919              		.loc 1 37 0
 1920 0088 6C309FE5 		ldr	r3, .L5+16
 1921 008c 68209FE5 		ldr	r2, .L5+16
 1922 0090 002092E5 		ldr	r2, [r2, #0]
 1923 0094 FF2CC2E3 		bic	r2, r2, #65280
 1924 0098 002083E5 		str	r2, [r3, #0]
  38:../timer2.c   **** 			rTCFG1 &= ~ 0x00000F00;		//  Para que sean el maximo de ciclos por interrupcion el divisor = 1/2
 1925              		.loc 1 38 0
 1926 009c 5C309FE5 		ldr	r3, .L5+20
 1927 00a0 58209FE5 		ldr	r2, .L5+20
 1928 00a4 002092E5 		ldr	r2, [r2, #0]
 1929 00a8 0F2CC2E3 		bic	r2, r2, #3840
 1930 00ac 002083E5 		str	r2, [r3, #0]
  39:../timer2.c   **** 
  40:../timer2.c   **** 			rTCNTB2 = 65535;			// 	Es un registro de 16 bits y debe ser lo maximo, luego 0xFFFF = 65535
 1931              		.loc 1 40 0
 1932 00b0 4C309FE5 		ldr	r3, .L5+24
 1933 00b4 4C209FE5 		ldr	r2, .L5+28
 1934 00b8 002083E5 		str	r2, [r3, #0]
  41:../timer2.c   **** 			rTCMPB2 = 0;				//	El valor minimo en el que se disparara la interrupcion
 1935              		.loc 1 41 0
 1936 00bc 48309FE5 		ldr	r3, .L5+32
 1937 00c0 0020A0E3 		mov	r2, #0
 1938 00c4 002083E5 		str	r2, [r3, #0]
  42:../timer2.c   **** 
  43:../timer2.c   **** 			rTCON = 0x2000;				//  Manual update(13) a 1 y el resto a 0
 1939              		.loc 1 43 0
 1940 00c8 40309FE5 		ldr	r3, .L5+36
 1941 00cc 022AA0E3 		mov	r2, #8192
 1942 00d0 002083E5 		str	r2, [r3, #0]
  44:../timer2.c   **** 			rTCON = 0x8000;				//  autoreload(15) a 1 y el resto a 0 (Manual-update también)
 1943              		.loc 1 44 0
 1944 00d4 34309FE5 		ldr	r3, .L5+36
 1945 00d8 0229A0E3 		mov	r2, #32768
 1946 00dc 002083E5 		str	r2, [r3, #0]
  45:../timer2.c   **** }
 1947              		.loc 1 45 0
 1948 00e0 0CD04BE2 		sub	sp, fp, #12
 1949 00e4 00689DE8 		ldmfd	sp, {fp, sp, lr}
 1950 00e8 1EFF2FE1 		bx	lr
 1951              	.L6:
 1952              		.align	2
 1953              	.L5:
 1954 00ec 0800E001 		.word	31457288
 1955 00f0 0C00E001 		.word	31457292
 1956 00f4 4CFF7F0C 		.word	209715020
 1957 00f8 00000000 		.word	timer2_ISR
 1958 00fc 0000D501 		.word	30736384
 1959 0100 0400D501 		.word	30736388
 1960 0104 2400D501 		.word	30736420
 1961 0108 FFFF0000 		.word	65535
 1962 010c 2800D501 		.word	30736424
 1963 0110 0800D501 		.word	30736392
 1964              		.cfi_endproc
 1965              	.LFE1:
 1967              		.align	2
 1968              		.global	timer2_leer
 1970              	timer2_leer:
 1971              	.LFB2:
  46:../timer2.c   **** 
  47:../timer2.c   **** unsigned int timer2_leer(void){
 1972              		.loc 1 47 0
 1973              		.cfi_startproc
 1974              		@ Function supports interworking.
 1975              		@ args = 0, pretend = 0, frame = 16
 1976              		@ frame_needed = 1, uses_anonymous_args = 0
 1977 0114 0DC0A0E1 		mov	ip, sp
 1978              	.LCFI4:
 1979              		.cfi_def_cfa_register 12
 1980 0118 00D82DE9 		stmfd	sp!, {fp, ip, lr, pc}
 1981 011c 04B04CE2 		sub	fp, ip, #4
 1982              		.cfi_offset 14, -8
 1983              		.cfi_offset 13, -12
 1984              		.cfi_offset 11, -16
 1985              	.LCFI5:
 1986              		.cfi_def_cfa 11, 4
 1987 0120 10D04DE2 		sub	sp, sp, #16
  48:../timer2.c   **** 	unsigned int int_antes = timer2_num_int;
 1988              		.loc 1 48 0
 1989 0124 74309FE5 		ldr	r3, .L9
 1990 0128 003093E5 		ldr	r3, [r3, #0]
 1991 012c 14300BE5 		str	r3, [fp, #-20]
  49:../timer2.c   **** 	unsigned int ticks = rTCNTB2 - rTCNTO2;
 1992              		.loc 1 49 0
 1993 0130 6C309FE5 		ldr	r3, .L9+4
 1994 0134 002093E5 		ldr	r2, [r3, #0]
 1995 0138 68309FE5 		ldr	r3, .L9+8
 1996 013c 003093E5 		ldr	r3, [r3, #0]
 1997 0140 023063E0 		rsb	r3, r3, r2
 1998 0144 18300BE5 		str	r3, [fp, #-24]
  50:../timer2.c   **** 	unsigned int int_despues = timer2_num_int;
 1999              		.loc 1 50 0
 2000 0148 50309FE5 		ldr	r3, .L9
 2001 014c 003093E5 		ldr	r3, [r3, #0]
 2002 0150 1C300BE5 		str	r3, [fp, #-28]
  51:../timer2.c   **** 
  52:../timer2.c   **** 	unsigned int total_ticks = (int_despues << 16) - int_despues;
 2003              		.loc 1 52 0
 2004 0154 1C301BE5 		ldr	r3, [fp, #-28]
 2005 0158 0328A0E1 		mov	r2, r3, asl #16
 2006 015c 1C301BE5 		ldr	r3, [fp, #-28]
 2007 0160 023063E0 		rsb	r3, r3, r2
 2008 0164 10300BE5 		str	r3, [fp, #-16]
  53:../timer2.c   **** 
  54:../timer2.c   **** 	if (int_antes == int_despues) {		//Si estan dentro del mismo ciclo hay tics pendientes
 2009              		.loc 1 54 0
 2010 0168 14201BE5 		ldr	r2, [fp, #-20]
 2011 016c 1C301BE5 		ldr	r3, [fp, #-28]
 2012 0170 030052E1 		cmp	r2, r3
 2013 0174 0300001A 		bne	.L8
  55:../timer2.c   **** 		total_ticks += ticks;
 2014              		.loc 1 55 0
 2015 0178 10201BE5 		ldr	r2, [fp, #-16]
 2016 017c 18301BE5 		ldr	r3, [fp, #-24]
 2017 0180 033082E0 		add	r3, r2, r3
 2018 0184 10300BE5 		str	r3, [fp, #-16]
 2019              	.L8:
  56:../timer2.c   **** 	}
  57:../timer2.c   **** 										//Si estan en diferente ciclo estás en el primer tic del segundo ciclo
  58:../timer2.c   **** 	return total_ticks >> 5;
 2020              		.loc 1 58 0
 2021 0188 10301BE5 		ldr	r3, [fp, #-16]
 2022 018c A332A0E1 		mov	r3, r3, lsr #5
  59:../timer2.c   **** }
 2023              		.loc 1 59 0
 2024 0190 0300A0E1 		mov	r0, r3
 2025 0194 0CD04BE2 		sub	sp, fp, #12
 2026 0198 00689DE8 		ldmfd	sp, {fp, sp, lr}
 2027 019c 1EFF2FE1 		bx	lr
 2028              	.L10:
 2029              		.align	2
 2030              	.L9:
 2031 01a0 00000000 		.word	timer2_num_int
 2032 01a4 2400D501 		.word	30736420
 2033 01a8 2C00D501 		.word	30736428
 2034              		.cfi_endproc
 2035              	.LFE2:
 2037              		.align	2
 2038              		.global	timer2_empezar
 2040              	timer2_empezar:
 2041              	.LFB3:
  60:../timer2.c   **** 
  61:../timer2.c   **** void timer2_empezar(void){
 2042              		.loc 1 61 0
 2043              		.cfi_startproc
 2044              		@ Function supports interworking.
 2045              		@ args = 0, pretend = 0, frame = 0
 2046              		@ frame_needed = 1, uses_anonymous_args = 0
 2047 01ac 0DC0A0E1 		mov	ip, sp
 2048              	.LCFI6:
 2049              		.cfi_def_cfa_register 12
 2050 01b0 00D82DE9 		stmfd	sp!, {fp, ip, lr, pc}
 2051 01b4 04B04CE2 		sub	fp, ip, #4
 2052              		.cfi_offset 14, -8
 2053              		.cfi_offset 13, -12
 2054              		.cfi_offset 11, -16
 2055              	.LCFI7:
 2056              		.cfi_def_cfa 11, 4
  62:../timer2.c   **** 	timer2_num_int = 0;
 2057              		.loc 1 62 0
 2058 01b8 28309FE5 		ldr	r3, .L12
 2059 01bc 0020A0E3 		mov	r2, #0
 2060 01c0 002083E5 		str	r2, [r3, #0]
  63:../timer2.c   **** 
  64:../timer2.c   **** 	rTCON = 0x2000;			// Manual update(13) a 1 y el resto a 0
 2061              		.loc 1 64 0
 2062 01c4 20309FE5 		ldr	r3, .L12+4
 2063 01c8 022AA0E3 		mov	r2, #8192
 2064 01cc 002083E5 		str	r2, [r3, #0]
  65:../timer2.c   **** 	rTCON = 0x9000;			// autoreload(15) a 1 y el resto a 0 (Manual-update también)
 2065              		.loc 1 65 0
 2066 01d0 14309FE5 		ldr	r3, .L12+4
 2067 01d4 092AA0E3 		mov	r2, #36864
 2068 01d8 002083E5 		str	r2, [r3, #0]
  66:../timer2.c   **** 
  67:../timer2.c   **** }
 2069              		.loc 1 67 0
 2070 01dc 0CD04BE2 		sub	sp, fp, #12
 2071 01e0 00689DE8 		ldmfd	sp, {fp, sp, lr}
 2072 01e4 1EFF2FE1 		bx	lr
 2073              	.L13:
 2074              		.align	2
 2075              	.L12:
 2076 01e8 00000000 		.word	timer2_num_int
 2077 01ec 0800D501 		.word	30736392
 2078              		.cfi_endproc
 2079              	.LFE3:
 2081              		.align	2
 2082              		.global	timer2_parar
 2084              	timer2_parar:
 2085              	.LFB4:
  68:../timer2.c   **** 
  69:../timer2.c   **** unsigned int timer2_parar(void){
 2086              		.loc 1 69 0
 2087              		.cfi_startproc
 2088              		@ Function supports interworking.
 2089              		@ args = 0, pretend = 0, frame = 0
 2090              		@ frame_needed = 1, uses_anonymous_args = 0
 2091 01f0 0DC0A0E1 		mov	ip, sp
 2092              	.LCFI8:
 2093              		.cfi_def_cfa_register 12
 2094 01f4 00D82DE9 		stmfd	sp!, {fp, ip, lr, pc}
 2095 01f8 04B04CE2 		sub	fp, ip, #4
 2096              		.cfi_offset 14, -8
 2097              		.cfi_offset 13, -12
 2098              		.cfi_offset 11, -16
 2099              	.LCFI9:
 2100              		.cfi_def_cfa 11, 4
  70:../timer2.c   **** 	rTCON &= ~(1 << 12);	//Paramos el timer
 2101              		.loc 1 70 0
 2102 01fc 24309FE5 		ldr	r3, .L15
 2103 0200 20209FE5 		ldr	r2, .L15
 2104 0204 002092E5 		ldr	r2, [r2, #0]
 2105 0208 012AC2E3 		bic	r2, r2, #4096
 2106 020c 002083E5 		str	r2, [r3, #0]
  71:../timer2.c   **** 	return timer2_leer();
 2107              		.loc 1 71 0
 2108 0210 FEFFFFEB 		bl	timer2_leer
 2109 0214 0030A0E1 		mov	r3, r0
  72:../timer2.c   **** }
 2110              		.loc 1 72 0
 2111 0218 0300A0E1 		mov	r0, r3
 2112 021c 0CD04BE2 		sub	sp, fp, #12
 2113 0220 00689DE8 		ldmfd	sp, {fp, sp, lr}
 2114 0224 1EFF2FE1 		bx	lr
 2115              	.L16:
 2116              		.align	2
 2117              	.L15:
 2118 0228 0800D501 		.word	30736392
 2119              		.cfi_endproc
 2120              	.LFE4:
 2122              	.Letext0:
DEFINED SYMBOLS
                            *ABS*:00000000 timer2.c
C:\Users\Martin\AppData\Local\Temp\ccMWFQmc.s:1834   .bss:00000000 timer2_num_int
C:\Users\Martin\AppData\Local\Temp\ccMWFQmc.s:1831   .bss:00000000 $d
C:\Users\Martin\AppData\Local\Temp\ccMWFQmc.s:1837   .text:00000000 $a
C:\Users\Martin\AppData\Local\Temp\ccMWFQmc.s:1840   .text:00000000 timer2_ISR
C:\Users\Martin\AppData\Local\Temp\ccMWFQmc.s:1880   .text:00000048 $d
C:\Users\Martin\AppData\Local\Temp\ccMWFQmc.s:1885   .text:00000050 $a
C:\Users\Martin\AppData\Local\Temp\ccMWFQmc.s:1888   .text:00000050 timer2_inicializar
C:\Users\Martin\AppData\Local\Temp\ccMWFQmc.s:1954   .text:000000ec $d
C:\Users\Martin\AppData\Local\Temp\ccMWFQmc.s:1967   .text:00000114 $a
C:\Users\Martin\AppData\Local\Temp\ccMWFQmc.s:1970   .text:00000114 timer2_leer
C:\Users\Martin\AppData\Local\Temp\ccMWFQmc.s:2031   .text:000001a0 $d
C:\Users\Martin\AppData\Local\Temp\ccMWFQmc.s:2037   .text:000001ac $a
C:\Users\Martin\AppData\Local\Temp\ccMWFQmc.s:2040   .text:000001ac timer2_empezar
C:\Users\Martin\AppData\Local\Temp\ccMWFQmc.s:2076   .text:000001e8 $d
C:\Users\Martin\AppData\Local\Temp\ccMWFQmc.s:2081   .text:000001f0 $a
C:\Users\Martin\AppData\Local\Temp\ccMWFQmc.s:2084   .text:000001f0 timer2_parar
C:\Users\Martin\AppData\Local\Temp\ccMWFQmc.s:2118   .text:00000228 $d
                     .debug_frame:00000010 $d

NO UNDEFINED SYMBOLS
